127.0.0.1 - - [23/Oct/2019:17:56:15 +0000] "GET /api HTTP/1.1" 200 43 "-" "Mozilla/5.0 (Macintosh; Intel Mac OS X 10_13_6) AppleWebKit/537.36 (KHTML, like Gecko) Chrome/69.0.3497.100 Safari/537.36"
127.0.0.1 - - [23/Oct/2019:17:56:15 +0000] "GET /favicon.ico HTTP/1.1" 200 30 "http://127.0.0.1:3000/api" "Mozilla/5.0 (Macintosh; Intel Mac OS X 10_13_6) AppleWebKit/537.36 (KHTML, like Gecko) Chrome/69.0.3497.100 Safari/537.36"
127.0.0.1 - - [23/Oct/2019:17:56:32 +0000] "GET /api HTTP/1.1" 304 - "-" "Mozilla/5.0 (Macintosh; Intel Mac OS X 10_13_6) AppleWebKit/537.36 (KHTML, like Gecko) Chrome/69.0.3497.100 Safari/537.36"
127.0.0.1 - - [23/Oct/2019:17:56:32 +0000] "GET /favicon.ico HTTP/1.1" 200 30 "http://127.0.0.1:3000/api" "Mozilla/5.0 (Macintosh; Intel Mac OS X 10_13_6) AppleWebKit/537.36 (KHTML, like Gecko) Chrome/69.0.3497.100 Safari/537.36"
127.0.0.1 - - [23/Oct/2019:17:56:35 +0000] "GET /favicon.ico HTTP/1.1" 304 - "http://127.0.0.1:3000/api" "Mozilla/5.0 (Macintosh; Intel Mac OS X 10_13_6) AppleWebKit/537.36 (KHTML, like Gecko) Chrome/69.0.3497.100 Safari/537.36"
::1 - - [23/Oct/2019:18:00:25 +0000] "GET / HTTP/1.1" 200 30 "-" "Mozilla/5.0 (Macintosh; Intel Mac OS X 10_13_6) AppleWebKit/537.36 (KHTML, like Gecko) Chrome/69.0.3497.100 Safari/537.36"
::1 - - [23/Oct/2019:18:00:25 +0000] "GET /favicon.ico HTTP/1.1" 200 30 "http://localhost:9400/" "Mozilla/5.0 (Macintosh; Intel Mac OS X 10_13_6) AppleWebKit/537.36 (KHTML, like Gecko) Chrome/69.0.3497.100 Safari/537.36"
::1 - - [23/Oct/2019:18:05:58 +0000] "GET /api/v1/ HTTP/1.1" 404 146 "-" "Mozilla/5.0 (Macintosh; Intel Mac OS X 10_13_6) AppleWebKit/537.36 (KHTML, like Gecko) Chrome/69.0.3497.100 Safari/537.36"
::1 - - [23/Oct/2019:18:06:03 +0000] "GET /api/v1 HTTP/1.1" 404 145 "-" "Mozilla/5.0 (Macintosh; Intel Mac OS X 10_13_6) AppleWebKit/537.36 (KHTML, like Gecko) Chrome/69.0.3497.100 Safari/537.36"
::1 - - [23/Oct/2019:18:06:46 +0000] "GET /api/v1 HTTP/1.1" 404 145 "-" "Mozilla/5.0 (Macintosh; Intel Mac OS X 10_13_6) AppleWebKit/537.36 (KHTML, like Gecko) Chrome/69.0.3497.100 Safari/537.36"
::1 - - [23/Oct/2019:18:11:24 +0000] "GET /api/v1 HTTP/1.1" 200 43 "-" "Mozilla/5.0 (Macintosh; Intel Mac OS X 10_13_6) AppleWebKit/537.36 (KHTML, like Gecko) Chrome/69.0.3497.100 Safari/537.36"
::1 - - [23/Oct/2019:18:11:24 +0000] "GET /favicon.ico HTTP/1.1" 404 150 "http://localhost:9400/api/v1" "Mozilla/5.0 (Macintosh; Intel Mac OS X 10_13_6) AppleWebKit/537.36 (KHTML, like Gecko) Chrome/69.0.3497.100 Safari/537.36"
::1 - - [23/Oct/2019:18:12:22 +0000] "GET /api/v1/owner HTTP/1.1" 404 151 "-" "Mozilla/5.0 (Macintosh; Intel Mac OS X 10_13_6) AppleWebKit/537.36 (KHTML, like Gecko) Chrome/69.0.3497.100 Safari/537.36"
::1 - - [23/Oct/2019:18:12:32 +0000] "GET /api/v1/owner HTTP/1.1" 404 151 "-" "Mozilla/5.0 (Macintosh; Intel Mac OS X 10_13_6) AppleWebKit/537.36 (KHTML, like Gecko) Chrome/69.0.3497.100 Safari/537.36"
::1 - - [23/Oct/2019:18:12:33 +0000] "GET /api/v1/owner HTTP/1.1" 404 151 "-" "Mozilla/5.0 (Macintosh; Intel Mac OS X 10_13_6) AppleWebKit/537.36 (KHTML, like Gecko) Chrome/69.0.3497.100 Safari/537.36"
::1 - - [23/Oct/2019:18:12:33 +0000] "GET /api/v1/owner HTTP/1.1" 404 151 "-" "Mozilla/5.0 (Macintosh; Intel Mac OS X 10_13_6) AppleWebKit/537.36 (KHTML, like Gecko) Chrome/69.0.3497.100 Safari/537.36"
::1 - - [23/Oct/2019:18:12:33 +0000] "GET /api/v1/owner HTTP/1.1" 404 151 "-" "Mozilla/5.0 (Macintosh; Intel Mac OS X 10_13_6) AppleWebKit/537.36 (KHTML, like Gecko) Chrome/69.0.3497.100 Safari/537.36"
::1 - - [23/Oct/2019:18:12:45 +0000] "GET /api/v1/owner HTTP/1.1" 404 151 "-" "Mozilla/5.0 (Macintosh; Intel Mac OS X 10_13_6) AppleWebKit/537.36 (KHTML, like Gecko) Chrome/69.0.3497.100 Safari/537.36"
::1 - - [23/Oct/2019:18:13:14 +0000] "GET /api/v1/owner HTTP/1.1" 404 151 "-" "Mozilla/5.0 (Macintosh; Intel Mac OS X 10_13_6) AppleWebKit/537.36 (KHTML, like Gecko) Chrome/69.0.3497.100 Safari/537.36"
::1 - - [23/Oct/2019:18:13:30 +0000] "GET /api/v1/owner HTTP/1.1" 200 19 "-" "Mozilla/5.0 (Macintosh; Intel Mac OS X 10_13_6) AppleWebKit/537.36 (KHTML, like Gecko) Chrome/69.0.3497.100 Safari/537.36"
::1 - - [23/Oct/2019:18:15:45 +0000] "GET /api/v1/users/1/book/2 HTTP/1.1" 404 160 "-" "Mozilla/5.0 (Macintosh; Intel Mac OS X 10_13_6) AppleWebKit/537.36 (KHTML, like Gecko) Chrome/69.0.3497.100 Safari/537.36"
::1 - - [23/Oct/2019:18:16:17 +0000] "GET /api/v1/users/1/books/2 HTTP/1.1" 500 1597 "-" "Mozilla/5.0 (Macintosh; Intel Mac OS X 10_13_6) AppleWebKit/537.36 (KHTML, like Gecko) Chrome/69.0.3497.100 Safari/537.36"
::1 - - [23/Oct/2019:18:31:31 +0000] "GET /api/v1/owners HTTP/1.1" 200 22 "-" "Mozilla/5.0 (Macintosh; Intel Mac OS X 10_13_6) AppleWebKit/537.36 (KHTML, like Gecko) Chrome/69.0.3497.100 Safari/537.36"
::1 - - [23/Oct/2019:18:39:03 +0000] "GET /api/v1/owners HTTP/1.1" 200 73 "-" "Mozilla/5.0 (Macintosh; Intel Mac OS X 10_13_6) AppleWebKit/537.36 (KHTML, like Gecko) Chrome/69.0.3497.100 Safari/537.36"
::1 - - [23/Oct/2019:18:46:47 +0000] "GET /api/v1/owners HTTP/1.1" 500 1596 "-" "Mozilla/5.0 (Macintosh; Intel Mac OS X 10_13_6) AppleWebKit/537.36 (KHTML, like Gecko) Chrome/69.0.3497.100 Safari/537.36"
::1 - - [23/Oct/2019:18:47:12 +0000] "GET /api/v1/owners HTTP/1.1" 200 30 "-" "Mozilla/5.0 (Macintosh; Intel Mac OS X 10_13_6) AppleWebKit/537.36 (KHTML, like Gecko) Chrome/69.0.3497.100 Safari/537.36"
::1 - - [23/Oct/2019:18:47:34 +0000] "GET /api/v1/owners HTTP/1.1" 304 - "-" "Mozilla/5.0 (Macintosh; Intel Mac OS X 10_13_6) AppleWebKit/537.36 (KHTML, like Gecko) Chrome/69.0.3497.100 Safari/537.36"
::1 - - [23/Oct/2019:18:49:05 +0000] "GET /api/v1/owners HTTP/1.1" 304 - "-" "Mozilla/5.0 (Macintosh; Intel Mac OS X 10_13_6) AppleWebKit/537.36 (KHTML, like Gecko) Chrome/69.0.3497.100 Safari/537.36"
::1 - - [23/Oct/2019:18:49:34 +0000] "GET /api/v1/owners HTTP/1.1" 500 1619 "-" "Mozilla/5.0 (Macintosh; Intel Mac OS X 10_13_6) AppleWebKit/537.36 (KHTML, like Gecko) Chrome/69.0.3497.100 Safari/537.36"
::1 - - [23/Oct/2019:18:50:17 +0000] "GET /api/v1/owners HTTP/1.1" 500 1609 "-" "Mozilla/5.0 (Macintosh; Intel Mac OS X 10_13_6) AppleWebKit/537.36 (KHTML, like Gecko) Chrome/69.0.3497.100 Safari/537.36"
::1 - - [23/Oct/2019:18:51:01 +0000] "GET /api/v1/owners HTTP/1.1" 500 1596 "-" "Mozilla/5.0 (Macintosh; Intel Mac OS X 10_13_6) AppleWebKit/537.36 (KHTML, like Gecko) Chrome/69.0.3497.100 Safari/537.36"
::1 - - [23/Oct/2019:18:51:31 +0000] "GET /api/v1/owners HTTP/1.1" 500 1609 "-" "Mozilla/5.0 (Macintosh; Intel Mac OS X 10_13_6) AppleWebKit/537.36 (KHTML, like Gecko) Chrome/69.0.3497.100 Safari/537.36"
::1 - - [23/Oct/2019:18:52:30 +0000] "GET /api/v1/owners HTTP/1.1" 500 1622 "-" "Mozilla/5.0 (Macintosh; Intel Mac OS X 10_13_6) AppleWebKit/537.36 (KHTML, like Gecko) Chrome/69.0.3497.100 Safari/537.36"
::1 - - [23/Oct/2019:18:52:55 +0000] "GET /api/v1/owners HTTP/1.1" 500 1597 "-" "Mozilla/5.0 (Macintosh; Intel Mac OS X 10_13_6) AppleWebKit/537.36 (KHTML, like Gecko) Chrome/69.0.3497.100 Safari/537.36"
::1 - - [23/Oct/2019:18:53:11 +0000] "GET /api/v1/owners HTTP/1.1" - - "-" "Mozilla/5.0 (Macintosh; Intel Mac OS X 10_13_6) AppleWebKit/537.36 (KHTML, like Gecko) Chrome/69.0.3497.100 Safari/537.36"
::1 - - [23/Oct/2019:18:53:38 +0000] "GET /api/v1/owners HTTP/1.1" 200 30 "-" "Mozilla/5.0 (Macintosh; Intel Mac OS X 10_13_6) AppleWebKit/537.36 (KHTML, like Gecko) Chrome/69.0.3497.100 Safari/537.36"
::1 - - [23/Oct/2019:18:54:05 +0000] "GET /api/v1/owners HTTP/1.1" 304 - "-" "Mozilla/5.0 (Macintosh; Intel Mac OS X 10_13_6) AppleWebKit/537.36 (KHTML, like Gecko) Chrome/69.0.3497.100 Safari/537.36"
::1 - - [23/Oct/2019:18:54:28 +0000] "GET /api/v1/owners HTTP/1.1" 200 63 "-" "Mozilla/5.0 (Macintosh; Intel Mac OS X 10_13_6) AppleWebKit/537.36 (KHTML, like Gecko) Chrome/69.0.3497.100 Safari/537.36"
::1 - - [23/Oct/2019:18:54:53 +0000] "GET /api/v1/owners HTTP/1.1" 304 - "-" "Mozilla/5.0 (Macintosh; Intel Mac OS X 10_13_6) AppleWebKit/537.36 (KHTML, like Gecko) Chrome/69.0.3497.100 Safari/537.36"
::1 - - [23/Oct/2019:18:57:42 +0000] "GET /api/v1/owners HTTP/1.1" 200 25 "-" "Mozilla/5.0 (Macintosh; Intel Mac OS X 10_13_6) AppleWebKit/537.36 (KHTML, like Gecko) Chrome/69.0.3497.100 Safari/537.36"
::1 - - [23/Oct/2019:18:58:15 +0000] "GET /api/v1/owners HTTP/1.1" 200 23 "-" "Mozilla/5.0 (Macintosh; Intel Mac OS X 10_13_6) AppleWebKit/537.36 (KHTML, like Gecko) Chrome/69.0.3497.100 Safari/537.36"
::1 - - [23/Oct/2019:19:07:29 +0000] "GET /api/v1/owners HTTP/1.1" 200 - "-" "Mozilla/5.0 (Macintosh; Intel Mac OS X 10_13_6) AppleWebKit/537.36 (KHTML, like Gecko) Chrome/69.0.3497.100 Safari/537.36"
::1 - - [23/Oct/2019:19:07:34 +0000] "GET /api/v1/owners HTTP/1.1" 200 - "-" "Mozilla/5.0 (Macintosh; Intel Mac OS X 10_13_6) AppleWebKit/537.36 (KHTML, like Gecko) Chrome/69.0.3497.100 Safari/537.36"
::1 - - [23/Oct/2019:19:08:29 +0000] "GET /api/v1/owners HTTP/1.1" 200 110 "-" "Mozilla/5.0 (Macintosh; Intel Mac OS X 10_13_6) AppleWebKit/537.36 (KHTML, like Gecko) Chrome/69.0.3497.100 Safari/537.36"
::1 - - [23/Oct/2019:19:08:34 +0000] "GET /api/v1/owners/1 HTTP/1.1" 200 108 "-" "Mozilla/5.0 (Macintosh; Intel Mac OS X 10_13_6) AppleWebKit/537.36 (KHTML, like Gecko) Chrome/69.0.3497.100 Safari/537.36"
::1 - - [23/Oct/2019:19:09:46 +0000] "GET /api/v1/owners/2 HTTP/1.1" 404 9 "-" "Mozilla/5.0 (Macintosh; Intel Mac OS X 10_13_6) AppleWebKit/537.36 (KHTML, like Gecko) Chrome/69.0.3497.100 Safari/537.36"
::1 - - [23/Oct/2019:19:10:26 +0000] "GET /api/v1/owners/2 HTTP/1.1" 404 9 "-" "Mozilla/5.0 (Macintosh; Intel Mac OS X 10_13_6) AppleWebKit/537.36 (KHTML, like Gecko) Chrome/69.0.3497.100 Safari/537.36"
::1 - - [23/Oct/2019:19:11:16 +0000] "GET /api/v1/owners/2 HTTP/1.1" 404 9 "-" "Mozilla/5.0 (Macintosh; Intel Mac OS X 10_13_6) AppleWebKit/537.36 (KHTML, like Gecko) Chrome/69.0.3497.100 Safari/537.36"
::1 - - [23/Oct/2019:19:11:50 +0000] "GET /api/v1/owners/2 HTTP/1.1" 404 9 "-" "Mozilla/5.0 (Macintosh; Intel Mac OS X 10_13_6) AppleWebKit/537.36 (KHTML, like Gecko) Chrome/69.0.3497.100 Safari/537.36"
::1 - - [23/Oct/2019:19:12:09 +0000] "GET /api/v1/owners/2 HTTP/1.1" 200 38 "-" "Mozilla/5.0 (Macintosh; Intel Mac OS X 10_13_6) AppleWebKit/537.36 (KHTML, like Gecko) Chrome/69.0.3497.100 Safari/537.36"
::1 - - [23/Oct/2019:19:12:36 +0000] "GET /api/v1/owners/2 HTTP/1.1" 404 38 "-" "Mozilla/5.0 (Macintosh; Intel Mac OS X 10_13_6) AppleWebKit/537.36 (KHTML, like Gecko) Chrome/69.0.3497.100 Safari/537.36"
::1 - - [23/Oct/2019:19:12:36 +0000] "GET /api/v1/owners/2 HTTP/1.1" 404 38 "-" "Mozilla/5.0 (Macintosh; Intel Mac OS X 10_13_6) AppleWebKit/537.36 (KHTML, like Gecko) Chrome/69.0.3497.100 Safari/537.36"
::1 - - [23/Oct/2019:19:30:50 +0000] "POST /api/v1/owners HTTP/1.1" 500 1598 "-" "PostmanRuntime/7.6.0"
::1 - - [23/Oct/2019:19:31:28 +0000] "POST /api/v1/owners HTTP/1.1" 500 36 "-" "PostmanRuntime/7.6.0"
::1 - - [23/Oct/2019:19:32:18 +0000] "POST /api/v1/owners HTTP/1.1" 500 36 "-" "PostmanRuntime/7.6.0"
::1 - - [23/Oct/2019:19:33:02 +0000] "POST /api/v1/owners HTTP/1.1" 200 110 "-" "PostmanRuntime/7.6.0"
::1 - - [23/Oct/2019:19:45:35 +0000] "POST /api/v1/owners HTTP/1.1" 500 36 "-" "PostmanRuntime/7.6.0"
::1 - - [23/Oct/2019:19:45:40 +0000] "POST /api/v1/owners HTTP/1.1" 500 36 "-" "PostmanRuntime/7.6.0"
::1 - - [23/Oct/2019:19:46:08 +0000] "POST /api/v1/owners HTTP/1.1" 500 36 "-" "PostmanRuntime/7.6.0"
::1 - - [23/Oct/2019:19:48:30 +0000] "POST /api/v1/owners HTTP/1.1" 500 36 "-" "PostmanRuntime/7.6.0"
::1 - - [23/Oct/2019:19:50:09 +0000] "POST /api/v1/owners HTTP/1.1" 201 177 "-" "PostmanRuntime/7.6.0"
::1 - - [23/Oct/2019:19:50:28 +0000] "GET /api/v1/owners HTTP/1.1" 200 112 "-" "Mozilla/5.0 (Macintosh; Intel Mac OS X 10_13_6) AppleWebKit/537.36 (KHTML, like Gecko) Chrome/69.0.3497.100 Safari/537.36"
::1 - - [23/Oct/2019:20:01:55 +0000] "GET /api/v1/owners HTTP/1.1" 304 - "-" "Mozilla/5.0 (Macintosh; Intel Mac OS X 10_13_6) AppleWebKit/537.36 (KHTML, like Gecko) Chrome/69.0.3497.100 Safari/537.36"
::1 - - [23/Oct/2019:20:02:05 +0000] "PUT /api/v1/owners HTTP/1.1" 404 152 "-" "PostmanRuntime/7.6.0"
::1 - - [23/Oct/2019:20:02:34 +0000] "PUT /api/v1/owners/1 HTTP/1.1" 500 1591 "-" "PostmanRuntime/7.6.0"
::1 - - [23/Oct/2019:20:02:53 +0000] "GET /api/v1/owners HTTP/1.1" 304 - "-" "Mozilla/5.0 (Macintosh; Intel Mac OS X 10_13_6) AppleWebKit/537.36 (KHTML, like Gecko) Chrome/69.0.3497.100 Safari/537.36"
::1 - - [23/Oct/2019:20:02:57 +0000] "PUT /api/v1/owners/1 HTTP/1.1" 200 - "-" "PostmanRuntime/7.6.0"
::1 - - [23/Oct/2019:20:03:05 +0000] "GET /api/v1/owners HTTP/1.1" 304 - "-" "Mozilla/5.0 (Macintosh; Intel Mac OS X 10_13_6) AppleWebKit/537.36 (KHTML, like Gecko) Chrome/69.0.3497.100 Safari/537.36"
::1 - - [23/Oct/2019:20:03:06 +0000] "GET /api/v1/owners HTTP/1.1" 304 - "-" "Mozilla/5.0 (Macintosh; Intel Mac OS X 10_13_6) AppleWebKit/537.36 (KHTML, like Gecko) Chrome/69.0.3497.100 Safari/537.36"
::1 - - [23/Oct/2019:20:05:00 +0000] "GET /api/v1/owners HTTP/1.1" 304 - "-" "Mozilla/5.0 (Macintosh; Intel Mac OS X 10_13_6) AppleWebKit/537.36 (KHTML, like Gecko) Chrome/69.0.3497.100 Safari/537.36"
::1 - - [23/Oct/2019:20:05:03 +0000] "PUT /api/v1/owners/1 HTTP/1.1" 200 - "-" "PostmanRuntime/7.6.0"
::1 - - [23/Oct/2019:20:06:06 +0000] "PUT /api/v1/owners/1 HTTP/1.1" 200 - "-" "PostmanRuntime/7.6.0"
::1 - - [23/Oct/2019:20:07:08 +0000] "PUT /api/v1/owners/1 HTTP/1.1" 200 - "-" "PostmanRuntime/7.6.0"
::1 - - [23/Oct/2019:20:09:27 +0000] "PUT /api/v1/owners/1 HTTP/1.1" 201 54 "-" "PostmanRuntime/7.6.0"
::1 - - [23/Oct/2019:20:09:33 +0000] "GET /api/v1/owners HTTP/1.1" 200 104 "-" "Mozilla/5.0 (Macintosh; Intel Mac OS X 10_13_6) AppleWebKit/537.36 (KHTML, like Gecko) Chrome/69.0.3497.100 Safari/537.36"
::1 - - [23/Oct/2019:20:10:37 +0000] "PUT /api/v1/owners/1 HTTP/1.1" 200 54 "-" "PostmanRuntime/7.6.0"
::1 - - [23/Oct/2019:20:11:32 +0000] "GET /api/v1/owners HTTP/1.1" 200 112 "-" "Mozilla/5.0 (Macintosh; Intel Mac OS X 10_13_6) AppleWebKit/537.36 (KHTML, like Gecko) Chrome/69.0.3497.100 Safari/537.36"
::1 - - [23/Oct/2019:20:11:42 +0000] "PUT /api/v1/owners/1 HTTP/1.1" 200 54 "-" "PostmanRuntime/7.6.0"
::1 - - [23/Oct/2019:20:12:01 +0000] "GET /api/v1/owners HTTP/1.1" 200 106 "-" "Mozilla/5.0 (Macintosh; Intel Mac OS X 10_13_6) AppleWebKit/537.36 (KHTML, like Gecko) Chrome/69.0.3497.100 Safari/537.36"
::1 - - [23/Oct/2019:20:12:52 +0000] "POST /api/v1/owners HTTP/1.1" 201 168 "-" "PostmanRuntime/7.6.0"
::1 - - [23/Oct/2019:20:18:52 +0000] "PUT /api/v1/owners/2 HTTP/1.1" 200 54 "-" "PostmanRuntime/7.6.0"
::1 - - [23/Oct/2019:20:19:56 +0000] "GET /api/v1/owners HTTP/1.1" 200 218 "-" "Mozilla/5.0 (Macintosh; Intel Mac OS X 10_13_6) AppleWebKit/537.36 (KHTML, like Gecko) Chrome/69.0.3497.100 Safari/537.36"
::1 - - [23/Oct/2019:20:20:03 +0000] "PUT /api/v1/owners/2 HTTP/1.1" 200 54 "-" "PostmanRuntime/7.6.0"
::1 - - [23/Oct/2019:20:20:06 +0000] "GET /api/v1/owners HTTP/1.1" 200 209 "-" "Mozilla/5.0 (Macintosh; Intel Mac OS X 10_13_6) AppleWebKit/537.36 (KHTML, like Gecko) Chrome/69.0.3497.100 Safari/537.36"
::1 - - [23/Oct/2019:20:20:44 +0000] "GET /api/v1/owners HTTP/1.1" 200 211 "-" "Mozilla/5.0 (Macintosh; Intel Mac OS X 10_13_6) AppleWebKit/537.36 (KHTML, like Gecko) Chrome/69.0.3497.100 Safari/537.36"
::1 - - [23/Oct/2019:20:20:50 +0000] "PUT /api/v1/owners/2 HTTP/1.1" 200 54 "-" "PostmanRuntime/7.6.0"
::1 - - [23/Oct/2019:20:20:53 +0000] "GET /api/v1/owners HTTP/1.1" 200 214 "-" "Mozilla/5.0 (Macintosh; Intel Mac OS X 10_13_6) AppleWebKit/537.36 (KHTML, like Gecko) Chrome/69.0.3497.100 Safari/537.36"
::1 - - [23/Oct/2019:20:21:22 +0000] "GET /api/v1/owners HTTP/1.1" 304 - "-" "Mozilla/5.0 (Macintosh; Intel Mac OS X 10_13_6) AppleWebKit/537.36 (KHTML, like Gecko) Chrome/69.0.3497.100 Safari/537.36"
::1 - - [23/Oct/2019:20:21:48 +0000] "PUT /api/v1/owners/2 HTTP/1.1" 200 54 "-" "PostmanRuntime/7.6.0"
::1 - - [23/Oct/2019:20:21:51 +0000] "GET /api/v1/owners HTTP/1.1" 200 221 "-" "Mozilla/5.0 (Macintosh; Intel Mac OS X 10_13_6) AppleWebKit/537.36 (KHTML, like Gecko) Chrome/69.0.3497.100 Safari/537.36"
::1 - - [23/Oct/2019:20:22:41 +0000] "PUT /api/v1/owners/2 HTTP/1.1" 200 54 "-" "PostmanRuntime/7.6.0"
::1 - - [23/Oct/2019:20:22:45 +0000] "GET /api/v1/owners HTTP/1.1" 304 - "-" "Mozilla/5.0 (Macintosh; Intel Mac OS X 10_13_6) AppleWebKit/537.36 (KHTML, like Gecko) Chrome/69.0.3497.100 Safari/537.36"
::1 - - [23/Oct/2019:20:23:53 +0000] "PUT /api/v1/owners/2 HTTP/1.1" 200 54 "-" "PostmanRuntime/7.6.0"
::1 - - [23/Oct/2019:20:25:00 +0000] "GET /api/v1/owners HTTP/1.1" 200 211 "-" "Mozilla/5.0 (Macintosh; Intel Mac OS X 10_13_6) AppleWebKit/537.36 (KHTML, like Gecko) Chrome/69.0.3497.100 Safari/537.36"
::1 - - [23/Oct/2019:20:25:06 +0000] "PUT /api/v1/owners/2 HTTP/1.1" 200 54 "-" "PostmanRuntime/7.6.0"
::1 - - [23/Oct/2019:20:25:09 +0000] "GET /api/v1/owners HTTP/1.1" 200 221 "-" "Mozilla/5.0 (Macintosh; Intel Mac OS X 10_13_6) AppleWebKit/537.36 (KHTML, like Gecko) Chrome/69.0.3497.100 Safari/537.36"
::1 - - [23/Oct/2019:20:25:49 +0000] "GET /api/v1/owners HTTP/1.1" 200 211 "-" "Mozilla/5.0 (Macintosh; Intel Mac OS X 10_13_6) AppleWebKit/537.36 (KHTML, like Gecko) Chrome/69.0.3497.100 Safari/537.36"
::1 - - [23/Oct/2019:20:25:52 +0000] "PUT /api/v1/owners/2 HTTP/1.1" 200 54 "-" "PostmanRuntime/7.6.0"
::1 - - [23/Oct/2019:20:26:39 +0000] "GET /api/v1/owners HTTP/1.1" 200 2 "-" "Mozilla/5.0 (Macintosh; Intel Mac OS X 10_13_6) AppleWebKit/537.36 (KHTML, like Gecko) Chrome/69.0.3497.100 Safari/537.36"
::1 - - [23/Oct/2019:20:26:52 +0000] "POST /api/v1/owners HTTP/1.1" 201 166 "-" "PostmanRuntime/7.6.0"
::1 - - [23/Oct/2019:20:26:58 +0000] "GET /api/v1/owners HTTP/1.1" 200 104 "-" "Mozilla/5.0 (Macintosh; Intel Mac OS X 10_13_6) AppleWebKit/537.36 (KHTML, like Gecko) Chrome/69.0.3497.100 Safari/537.36"
::1 - - [23/Oct/2019:20:27:46 +0000] "POST /api/v1/owners HTTP/1.1" 201 166 "-" "PostmanRuntime/7.6.0"
::1 - - [23/Oct/2019:20:27:54 +0000] "GET /api/v1/owners HTTP/1.1" 200 207 "-" "Mozilla/5.0 (Macintosh; Intel Mac OS X 10_13_6) AppleWebKit/537.36 (KHTML, like Gecko) Chrome/69.0.3497.100 Safari/537.36"
::1 - - [23/Oct/2019:20:28:07 +0000] "POST /api/v1/owners/2 HTTP/1.1" 404 155 "-" "PostmanRuntime/7.6.0"
::1 - - [23/Oct/2019:20:28:12 +0000] "PUT /api/v1/owners/2 HTTP/1.1" 200 54 "-" "PostmanRuntime/7.6.0"
::1 - - [23/Oct/2019:20:28:15 +0000] "GET /api/v1/owners HTTP/1.1" 200 215 "-" "Mozilla/5.0 (Macintosh; Intel Mac OS X 10_13_6) AppleWebKit/537.36 (KHTML, like Gecko) Chrome/69.0.3497.100 Safari/537.36"
::1 - - [23/Oct/2019:20:29:25 +0000] "GET /api/v1/owners HTTP/1.1" 200 207 "-" "Mozilla/5.0 (Macintosh; Intel Mac OS X 10_13_6) AppleWebKit/537.36 (KHTML, like Gecko) Chrome/69.0.3497.100 Safari/537.36"
::1 - - [23/Oct/2019:20:29:31 +0000] "PUT /api/v1/owners/2 HTTP/1.1" 200 54 "-" "PostmanRuntime/7.6.0"
::1 - - [23/Oct/2019:20:29:33 +0000] "GET /api/v1/owners HTTP/1.1" 200 215 "-" "Mozilla/5.0 (Macintosh; Intel Mac OS X 10_13_6) AppleWebKit/537.36 (KHTML, like Gecko) Chrome/69.0.3497.100 Safari/537.36"
::1 - - [23/Oct/2019:20:29:48 +0000] "GET /api/v1/owners HTTP/1.1" 200 207 "-" "Mozilla/5.0 (Macintosh; Intel Mac OS X 10_13_6) AppleWebKit/537.36 (KHTML, like Gecko) Chrome/69.0.3497.100 Safari/537.36"
::1 - - [23/Oct/2019:20:30:48 +0000] "POST /api/v1/owners HTTP/1.1" 201 174 "-" "PostmanRuntime/7.6.0"
::1 - - [23/Oct/2019:20:34:27 +0000] "PUT /api/v1/owners/1 HTTP/1.1" 200 54 "-" "PostmanRuntime/7.6.0"
::1 - - [23/Oct/2019:20:34:47 +0000] "PUT /api/v1/owners/1 HTTP/1.1" 200 54 "-" "PostmanRuntime/7.6.0"
::1 - - [23/Oct/2019:20:36:37 +0000] "PUT /api/v1/owners/1 HTTP/1.1" 200 54 "-" "PostmanRuntime/7.6.0"
::1 - - [23/Oct/2019:20:37:41 +0000] "POST /api/v1/owners HTTP/1.1" 201 166 "-" "PostmanRuntime/7.6.0"
::1 - - [23/Oct/2019:20:37:49 +0000] "GET /api/v1/owners HTTP/1.1" 200 421 "-" "Mozilla/5.0 (Macintosh; Intel Mac OS X 10_13_6) AppleWebKit/537.36 (KHTML, like Gecko) Chrome/69.0.3497.100 Safari/537.36"
::1 - - [23/Oct/2019:20:39:10 +0000] "PUT /api/v1/owners/1 HTTP/1.1" 200 54 "-" "PostmanRuntime/7.6.0"
::1 - - [23/Oct/2019:20:39:19 +0000] "GET /api/v1/owners HTTP/1.1" 200 2 "-" "Mozilla/5.0 (Macintosh; Intel Mac OS X 10_13_6) AppleWebKit/537.36 (KHTML, like Gecko) Chrome/69.0.3497.100 Safari/537.36"
::1 - - [23/Oct/2019:20:40:39 +0000] "GET /api/v1/owners HTTP/1.1" 304 - "-" "Mozilla/5.0 (Macintosh; Intel Mac OS X 10_13_6) AppleWebKit/537.36 (KHTML, like Gecko) Chrome/69.0.3497.100 Safari/537.36"
::1 - - [23/Oct/2019:20:40:47 +0000] "POST /api/v1/owners HTTP/1.1" 201 171 "-" "PostmanRuntime/7.6.0"
::1 - - [23/Oct/2019:20:43:10 +0000] "PUT /api/v1/owners/1 HTTP/1.1" 200 54 "-" "PostmanRuntime/7.6.0"
::1 - - [23/Oct/2019:20:43:32 +0000] "PUT /api/v1/owners/1 HTTP/1.1" 200 54 "-" "PostmanRuntime/7.6.0"
::1 - - [23/Oct/2019:20:44:44 +0000] "GET /api/v1/owners HTTP/1.1" 200 112 "-" "Mozilla/5.0 (Macintosh; Intel Mac OS X 10_13_6) AppleWebKit/537.36 (KHTML, like Gecko) Chrome/69.0.3497.100 Safari/537.36"
::1 - - [23/Oct/2019:20:44:55 +0000] "PUT /api/v1/owners/1 HTTP/1.1" 200 54 "-" "PostmanRuntime/7.6.0"
::1 - - [23/Oct/2019:20:45:09 +0000] "GET /api/v1/owners HTTP/1.1" 200 104 "-" "Mozilla/5.0 (Macintosh; Intel Mac OS X 10_13_6) AppleWebKit/537.36 (KHTML, like Gecko) Chrome/69.0.3497.100 Safari/537.36"
::1 - - [23/Oct/2019:20:46:42 +0000] "GET /api/v1/owners HTTP/1.1" 304 - "-" "Mozilla/5.0 (Macintosh; Intel Mac OS X 10_13_6) AppleWebKit/537.36 (KHTML, like Gecko) Chrome/69.0.3497.100 Safari/537.36"
::1 - - [23/Oct/2019:20:46:46 +0000] "PUT /api/v1/owners/1 HTTP/1.1" 200 54 "-" "PostmanRuntime/7.6.0"
::1 - - [23/Oct/2019:20:47:18 +0000] "PUT /api/v1/owners/1 HTTP/1.1" 200 54 "-" "PostmanRuntime/7.6.0"
::1 - - [23/Oct/2019:20:47:24 +0000] "GET /api/v1/owners HTTP/1.1" 200 118 "-" "Mozilla/5.0 (Macintosh; Intel Mac OS X 10_13_6) AppleWebKit/537.36 (KHTML, like Gecko) Chrome/69.0.3497.100 Safari/537.36"
::1 - - [23/Oct/2019:20:48:23 +0000] "PUT /api/v1/owners/1 HTTP/1.1" 200 179 "-" "PostmanRuntime/7.6.0"
::1 - - [23/Oct/2019:20:48:28 +0000] "GET /api/v1/owners HTTP/1.1" 200 111 "-" "Mozilla/5.0 (Macintosh; Intel Mac OS X 10_13_6) AppleWebKit/537.36 (KHTML, like Gecko) Chrome/69.0.3497.100 Safari/537.36"
::1 - - [23/Oct/2019:20:50:05 +0000] "PUT /api/v1/owners/1 HTTP/1.1" 200 172 "-" "PostmanRuntime/7.6.0"
::1 - - [23/Oct/2019:20:50:12 +0000] "GET /api/v1/owners HTTP/1.1" 200 118 "-" "Mozilla/5.0 (Macintosh; Intel Mac OS X 10_13_6) AppleWebKit/537.36 (KHTML, like Gecko) Chrome/69.0.3497.100 Safari/537.36"
::1 - - [23/Oct/2019:20:50:44 +0000] "GET /api/v1/owners/1 HTTP/1.1" 200 116 "-" "Mozilla/5.0 (Macintosh; Intel Mac OS X 10_13_6) AppleWebKit/537.36 (KHTML, like Gecko) Chrome/69.0.3497.100 Safari/537.36"
::1 - - [23/Oct/2019:20:50:54 +0000] "PUT /api/v1/owners/1 HTTP/1.1" 200 171 "-" "PostmanRuntime/7.6.0"
::1 - - [23/Oct/2019:20:51:07 +0000] "GET /api/v1/owners/1 HTTP/1.1" 200 108 "-" "Mozilla/5.0 (Macintosh; Intel Mac OS X 10_13_6) AppleWebKit/537.36 (KHTML, like Gecko) Chrome/69.0.3497.100 Safari/537.36"
::1 - - [23/Oct/2019:20:51:14 +0000] "PUT /api/v1/owners/1 HTTP/1.1" 200 171 "-" "PostmanRuntime/7.6.0"
::1 - - [23/Oct/2019:20:51:31 +0000] "GET /api/v1/owners HTTP/1.1" 200 110 "-" "Mozilla/5.0 (Macintosh; Intel Mac OS X 10_13_6) AppleWebKit/537.36 (KHTML, like Gecko) Chrome/69.0.3497.100 Safari/537.36"
::1 - - [23/Oct/2019:20:52:42 +0000] "GET /api/v1/owners HTTP/1.1" 304 - "-" "Mozilla/5.0 (Macintosh; Intel Mac OS X 10_13_6) AppleWebKit/537.36 (KHTML, like Gecko) Chrome/69.0.3497.100 Safari/537.36"
::1 - - [23/Oct/2019:20:52:43 +0000] "GET /api/v1/owners HTTP/1.1" 304 - "-" "Mozilla/5.0 (Macintosh; Intel Mac OS X 10_13_6) AppleWebKit/537.36 (KHTML, like Gecko) Chrome/69.0.3497.100 Safari/537.36"
::1 - - [23/Oct/2019:20:52:43 +0000] "GET /api/v1/owners HTTP/1.1" 304 - "-" "Mozilla/5.0 (Macintosh; Intel Mac OS X 10_13_6) AppleWebKit/537.36 (KHTML, like Gecko) Chrome/69.0.3497.100 Safari/537.36"
::1 - - [23/Oct/2019:20:52:44 +0000] "GET /api/v1/owners HTTP/1.1" 304 - "-" "Mozilla/5.0 (Macintosh; Intel Mac OS X 10_13_6) AppleWebKit/537.36 (KHTML, like Gecko) Chrome/69.0.3497.100 Safari/537.36"
::1 - - [23/Oct/2019:20:52:44 +0000] "GET /api/v1/owners HTTP/1.1" 304 - "-" "Mozilla/5.0 (Macintosh; Intel Mac OS X 10_13_6) AppleWebKit/537.36 (KHTML, like Gecko) Chrome/69.0.3497.100 Safari/537.36"
::1 - - [23/Oct/2019:20:52:44 +0000] "GET /api/v1/owners HTTP/1.1" 304 - "-" "Mozilla/5.0 (Macintosh; Intel Mac OS X 10_13_6) AppleWebKit/537.36 (KHTML, like Gecko) Chrome/69.0.3497.100 Safari/537.36"
::1 - - [23/Oct/2019:20:52:44 +0000] "GET /api/v1/owners HTTP/1.1" 304 - "-" "Mozilla/5.0 (Macintosh; Intel Mac OS X 10_13_6) AppleWebKit/537.36 (KHTML, like Gecko) Chrome/69.0.3497.100 Safari/537.36"
::1 - - [23/Oct/2019:20:52:44 +0000] "GET /api/v1/owners HTTP/1.1" 304 - "-" "Mozilla/5.0 (Macintosh; Intel Mac OS X 10_13_6) AppleWebKit/537.36 (KHTML, like Gecko) Chrome/69.0.3497.100 Safari/537.36"
::1 - - [23/Oct/2019:20:52:44 +0000] "GET /api/v1/owners HTTP/1.1" 304 - "-" "Mozilla/5.0 (Macintosh; Intel Mac OS X 10_13_6) AppleWebKit/537.36 (KHTML, like Gecko) Chrome/69.0.3497.100 Safari/537.36"
::1 - - [23/Oct/2019:20:52:44 +0000] "GET /api/v1/owners HTTP/1.1" 304 - "-" "Mozilla/5.0 (Macintosh; Intel Mac OS X 10_13_6) AppleWebKit/537.36 (KHTML, like Gecko) Chrome/69.0.3497.100 Safari/537.36"
::1 - - [23/Oct/2019:20:52:47 +0000] "PUT /api/v1/owners/1 HTTP/1.1" 200 171 "-" "PostmanRuntime/7.6.0"
::1 - - [23/Oct/2019:20:52:52 +0000] "PUT /api/v1/owners/1 HTTP/1.1" 200 174 "-" "PostmanRuntime/7.6.0"
::1 - - [23/Oct/2019:20:53:10 +0000] "GET /api/v1/owners HTTP/1.1" 200 113 "-" "Mozilla/5.0 (Macintosh; Intel Mac OS X 10_13_6) AppleWebKit/537.36 (KHTML, like Gecko) Chrome/69.0.3497.100 Safari/537.36"
::1 - - [23/Oct/2019:21:01:44 +0000] "GET /api/v1/owners HTTP/1.1" 304 - "-" "Mozilla/5.0 (Macintosh; Intel Mac OS X 10_13_6) AppleWebKit/537.36 (KHTML, like Gecko) Chrome/69.0.3497.100 Safari/537.36"
::1 - - [23/Oct/2019:21:01:45 +0000] "GET /api/v1/owners HTTP/1.1" 304 - "-" "Mozilla/5.0 (Macintosh; Intel Mac OS X 10_13_6) AppleWebKit/537.36 (KHTML, like Gecko) Chrome/69.0.3497.100 Safari/537.36"
::1 - - [23/Oct/2019:21:01:45 +0000] "GET /api/v1/owners HTTP/1.1" 304 - "-" "Mozilla/5.0 (Macintosh; Intel Mac OS X 10_13_6) AppleWebKit/537.36 (KHTML, like Gecko) Chrome/69.0.3497.100 Safari/537.36"
::1 - - [23/Oct/2019:21:01:46 +0000] "GET /api/v1/owners HTTP/1.1" 304 - "-" "Mozilla/5.0 (Macintosh; Intel Mac OS X 10_13_6) AppleWebKit/537.36 (KHTML, like Gecko) Chrome/69.0.3497.100 Safari/537.36"
::1 - - [23/Oct/2019:21:01:46 +0000] "GET /api/v1/owners HTTP/1.1" 304 - "-" "Mozilla/5.0 (Macintosh; Intel Mac OS X 10_13_6) AppleWebKit/537.36 (KHTML, like Gecko) Chrome/69.0.3497.100 Safari/537.36"
::1 - - [23/Oct/2019:21:01:51 +0000] "DELETE /api/v1/owners/1 HTTP/1.1" 404 157 "-" "PostmanRuntime/7.6.0"
::1 - - [23/Oct/2019:21:03:09 +0000] "GET /api/v1/owners HTTP/1.1" 304 - "-" "Mozilla/5.0 (Macintosh; Intel Mac OS X 10_13_6) AppleWebKit/537.36 (KHTML, like Gecko) Chrome/69.0.3497.100 Safari/537.36"
::1 - - [23/Oct/2019:21:03:09 +0000] "GET /api/v1/owners HTTP/1.1" 304 - "-" "Mozilla/5.0 (Macintosh; Intel Mac OS X 10_13_6) AppleWebKit/537.36 (KHTML, like Gecko) Chrome/69.0.3497.100 Safari/537.36"
::1 - - [23/Oct/2019:21:04:03 +0000] "GET /api/v1/owners HTTP/1.1" 304 - "-" "Mozilla/5.0 (Macintosh; Intel Mac OS X 10_13_6) AppleWebKit/537.36 (KHTML, like Gecko) Chrome/69.0.3497.100 Safari/537.36"
::1 - - [23/Oct/2019:21:04:06 +0000] "DELETE /api/v1/owners/1 HTTP/1.1" 200 174 "-" "PostmanRuntime/7.6.0"
::1 - - [23/Oct/2019:21:04:14 +0000] "GET /api/v1/owners HTTP/1.1" 200 2 "-" "Mozilla/5.0 (Macintosh; Intel Mac OS X 10_13_6) AppleWebKit/537.36 (KHTML, like Gecko) Chrome/69.0.3497.100 Safari/537.36"
::1 - - [23/Oct/2019:22:21:37 +0000] "GET /api/v1/owners HTTP/1.1" 304 - "-" "Mozilla/5.0 (Macintosh; Intel Mac OS X 10_13_6) AppleWebKit/537.36 (KHTML, like Gecko) Chrome/69.0.3497.100 Safari/537.36"
::1 - - [23/Oct/2019:22:21:48 +0000] "POST /api/v1/owners HTTP/1.1" 201 175 "-" "PostmanRuntime/7.6.0"
::1 - - [23/Oct/2019:22:21:53 +0000] "GET /api/v1/owners HTTP/1.1" 200 113 "-" "Mozilla/5.0 (Macintosh; Intel Mac OS X 10_13_6) AppleWebKit/537.36 (KHTML, like Gecko) Chrome/69.0.3497.100 Safari/537.36"
::1 - - [23/Oct/2019:22:22:38 +0000] "GET /api/v1/owners HTTP/1.1" 304 - "-" "Mozilla/5.0 (Macintosh; Intel Mac OS X 10_13_6) AppleWebKit/537.36 (KHTML, like Gecko) Chrome/69.0.3497.100 Safari/537.36"
::1 - - [23/Oct/2019:22:22:41 +0000] "PUT /api/v1/owners/1 HTTP/1.1" 200 165 "-" "PostmanRuntime/7.6.0"
::1 - - [23/Oct/2019:22:22:47 +0000] "GET /api/v1/owners HTTP/1.1" 200 104 "-" "Mozilla/5.0 (Macintosh; Intel Mac OS X 10_13_6) AppleWebKit/537.36 (KHTML, like Gecko) Chrome/69.0.3497.100 Safari/537.36"
::1 - - [23/Oct/2019:22:22:57 +0000] "DELETE /api/v1/owners/1 HTTP/1.1" 200 165 "-" "PostmanRuntime/7.6.0"
::1 - - [23/Oct/2019:22:23:02 +0000] "GET /api/v1/owners HTTP/1.1" 200 2 "-" "Mozilla/5.0 (Macintosh; Intel Mac OS X 10_13_6) AppleWebKit/537.36 (KHTML, like Gecko) Chrome/69.0.3497.100 Safari/537.36"
::1 - - [23/Oct/2019:22:23:10 +0000] "POST /api/v1/owners HTTP/1.1" 201 166 "-" "PostmanRuntime/7.6.0"
::1 - - [23/Oct/2019:22:24:43 +0000] "GET /api/v1/owners/1/pets/1 HTTP/1.1" - - "-" "Mozilla/5.0 (Macintosh; Intel Mac OS X 10_13_6) AppleWebKit/537.36 (KHTML, like Gecko) Chrome/69.0.3497.100 Safari/537.36"
::1 - - [23/Oct/2019:22:26:13 +0000] "POST /api/v1/owners/1/pets HTTP/1.1" 404 160 "-" "PostmanRuntime/7.6.0"
::1 - - [23/Oct/2019:22:27:21 +0000] "POST /api/v1/owners/1/pets HTTP/1.1" 404 160 "-" "PostmanRuntime/7.6.0"
::1 - - [23/Oct/2019:22:28:25 +0000] "POST /api/v1/owners/1/pets HTTP/1.1" 404 160 "-" "PostmanRuntime/7.6.0"
::1 - - [23/Oct/2019:22:28:59 +0000] "POST /api/v1/owners/1/pets HTTP/1.1" 201 123 "-" "PostmanRuntime/7.6.0"
::1 - - [23/Oct/2019:22:29:09 +0000] "GET /api/v1/owners/1/pets/1 HTTP/1.1" 200 63 "-" "Mozilla/5.0 (Macintosh; Intel Mac OS X 10_13_6) AppleWebKit/537.36 (KHTML, like Gecko) Chrome/69.0.3497.100 Safari/537.36"
::1 - - [23/Oct/2019:22:29:13 +0000] "GET /api/v1/owners/1/pets HTTP/1.1" 404 159 "-" "Mozilla/5.0 (Macintosh; Intel Mac OS X 10_13_6) AppleWebKit/537.36 (KHTML, like Gecko) Chrome/69.0.3497.100 Safari/537.36"
::1 - - [23/Oct/2019:22:29:33 +0000] "GET /api/v1/owners/1/pets HTTP/1.1" - - "-" "Mozilla/5.0 (Macintosh; Intel Mac OS X 10_13_6) AppleWebKit/537.36 (KHTML, like Gecko) Chrome/69.0.3497.100 Safari/537.36"
::1 - - [23/Oct/2019:22:30:40 +0000] "GET /api/v1/owners/1/pets HTTP/1.1" 200 86 "-" "Mozilla/5.0 (Macintosh; Intel Mac OS X 10_13_6) AppleWebKit/537.36 (KHTML, like Gecko) Chrome/69.0.3497.100 Safari/537.36"
::1 - - [23/Oct/2019:22:30:47 +0000] "GET /api/v1/owners/1/pets/1 HTTP/1.1" 304 - "-" "Mozilla/5.0 (Macintosh; Intel Mac OS X 10_13_6) AppleWebKit/537.36 (KHTML, like Gecko) Chrome/69.0.3497.100 Safari/537.36"
::1 - - [23/Oct/2019:22:31:02 +0000] "PUT /api/v1/owners/1/pets HTTP/1.1" 404 159 "-" "PostmanRuntime/7.6.0"
::1 - - [23/Oct/2019:22:34:07 +0000] "PUT /api/v1/owners/1/pets/1 HTTP/1.1" - - "-" "PostmanRuntime/7.6.0"
::1 - - [23/Oct/2019:22:44:33 +0000] "PUT /api/v1/owners/1/pets/1 HTTP/1.1" 200 124 "-" "PostmanRuntime/7.6.0"
::1 - - [23/Oct/2019:22:44:37 +0000] "GET /api/v1/owners/1/pets/1 HTTP/1.1" 200 65 "-" "Mozilla/5.0 (Macintosh; Intel Mac OS X 10_13_6) AppleWebKit/537.36 (KHTML, like Gecko) Chrome/69.0.3497.100 Safari/537.36"
::1 - - [23/Oct/2019:22:47:40 +0000] "DELETE /api/v1/owners/1/pets/1 HTTP/1.1" 200 124 "-" "PostmanRuntime/7.6.0"
::1 - - [23/Oct/2019:22:47:59 +0000] "GET /api/v1/owners/1/pets/1 HTTP/1.1" - - "-" "Mozilla/5.0 (Macintosh; Intel Mac OS X 10_13_6) AppleWebKit/537.36 (KHTML, like Gecko) Chrome/69.0.3497.100 Safari/537.36"
::1 - - [23/Oct/2019:22:47:59 +0000] "GET /api/v1/owners/1/pets HTTP/1.1" 200 23 "-" "Mozilla/5.0 (Macintosh; Intel Mac OS X 10_13_6) AppleWebKit/537.36 (KHTML, like Gecko) Chrome/69.0.3497.100 Safari/537.36"
::1 - - [23/Oct/2019:22:50:22 +0000] "GET /api/v1/owners/1/pets HTTP/1.1" 304 - "-" "Mozilla/5.0 (Macintosh; Intel Mac OS X 10_13_6) AppleWebKit/537.36 (KHTML, like Gecko) Chrome/69.0.3497.100 Safari/537.36"
::1 - - [23/Oct/2019:22:50:23 +0000] "GET /api/v1/owners/1/pets HTTP/1.1" 304 - "-" "Mozilla/5.0 (Macintosh; Intel Mac OS X 10_13_6) AppleWebKit/537.36 (KHTML, like Gecko) Chrome/69.0.3497.100 Safari/537.36"
::1 - - [23/Oct/2019:22:50:28 +0000] "GET /api/v1/owners/1/pets/1 HTTP/1.1" - - "-" "Mozilla/5.0 (Macintosh; Intel Mac OS X 10_13_6) AppleWebKit/537.36 (KHTML, like Gecko) Chrome/69.0.3497.100 Safari/537.36"
::1 - - [23/Oct/2019:22:52:28 +0000] "GET /api/v1/owners/1/pets/1 HTTP/1.1" - - "-" "Mozilla/5.0 (Macintosh; Intel Mac OS X 10_13_6) AppleWebKit/537.36 (KHTML, like Gecko) Chrome/69.0.3497.100 Safari/537.36"
::1 - - [23/Oct/2019:22:54:28 +0000] "GET /api/v1/owners/1/pets/1 HTTP/1.1" - - "-" "Mozilla/5.0 (Macintosh; Intel Mac OS X 10_13_6) AppleWebKit/537.36 (KHTML, like Gecko) Chrome/69.0.3497.100 Safari/537.36"
::1 - - [23/Oct/2019:23:02:50 +0000] "GET /api/v1/owners/1/pets/1 HTTP/1.1" 200 - "-" "Mozilla/5.0 (Macintosh; Intel Mac OS X 10_13_6) AppleWebKit/537.36 (KHTML, like Gecko) Chrome/69.0.3497.100 Safari/537.36"
::1 - - [23/Oct/2019:23:02:58 +0000] "POST /api/v1/owners/1/pets HTTP/1.1" 500 34 "-" "PostmanRuntime/7.6.0"
::1 - - [23/Oct/2019:23:03:39 +0000] "POST /api/v1/owners/1/pets HTTP/1.1" 201 125 "-" "PostmanRuntime/7.6.0"
::1 - - [23/Oct/2019:23:03:47 +0000] "GET /api/v1/owners/1/pets/1 HTTP/1.1" 200 - "-" "Mozilla/5.0 (Macintosh; Intel Mac OS X 10_13_6) AppleWebKit/537.36 (KHTML, like Gecko) Chrome/69.0.3497.100 Safari/537.36"
::1 - - [23/Oct/2019:23:03:52 +0000] "GET /api/v1/owners/1/pets/1 HTTP/1.1" 200 - "-" "Mozilla/5.0 (Macintosh; Intel Mac OS X 10_13_6) AppleWebKit/537.36 (KHTML, like Gecko) Chrome/69.0.3497.100 Safari/537.36"
::1 - - [23/Oct/2019:23:03:57 +0000] "GET /api/v1/owners/1/pets HTTP/1.1" 200 88 "-" "Mozilla/5.0 (Macintosh; Intel Mac OS X 10_13_6) AppleWebKit/537.36 (KHTML, like Gecko) Chrome/69.0.3497.100 Safari/537.36"
::1 - - [23/Oct/2019:23:04:08 +0000] "PUT /api/v1/owners/1/pets/1 HTTP/1.1" 200 52 "-" "PostmanRuntime/7.6.0"
::1 - - [23/Oct/2019:23:04:15 +0000] "GET /api/v1/owners/1/pets HTTP/1.1" 304 - "-" "Mozilla/5.0 (Macintosh; Intel Mac OS X 10_13_6) AppleWebKit/537.36 (KHTML, like Gecko) Chrome/69.0.3497.100 Safari/537.36"
::1 - - [23/Oct/2019:23:04:16 +0000] "GET /api/v1/owners/1/pets HTTP/1.1" 304 - "-" "Mozilla/5.0 (Macintosh; Intel Mac OS X 10_13_6) AppleWebKit/537.36 (KHTML, like Gecko) Chrome/69.0.3497.100 Safari/537.36"
::1 - - [23/Oct/2019:23:04:16 +0000] "GET /api/v1/owners/1/pets HTTP/1.1" 304 - "-" "Mozilla/5.0 (Macintosh; Intel Mac OS X 10_13_6) AppleWebKit/537.36 (KHTML, like Gecko) Chrome/69.0.3497.100 Safari/537.36"
::1 - - [23/Oct/2019:23:04:17 +0000] "GET /api/v1/owners/1/pets HTTP/1.1" 304 - "-" "Mozilla/5.0 (Macintosh; Intel Mac OS X 10_13_6) AppleWebKit/537.36 (KHTML, like Gecko) Chrome/69.0.3497.100 Safari/537.36"
::1 - - [23/Oct/2019:23:04:17 +0000] "GET /api/v1/owners/1/pets HTTP/1.1" 304 - "-" "Mozilla/5.0 (Macintosh; Intel Mac OS X 10_13_6) AppleWebKit/537.36 (KHTML, like Gecko) Chrome/69.0.3497.100 Safari/537.36"
::1 - - [23/Oct/2019:23:04:17 +0000] "GET /api/v1/owners/1/pets HTTP/1.1" 304 - "-" "Mozilla/5.0 (Macintosh; Intel Mac OS X 10_13_6) AppleWebKit/537.36 (KHTML, like Gecko) Chrome/69.0.3497.100 Safari/537.36"
::1 - - [23/Oct/2019:23:04:17 +0000] "GET /api/v1/owners/1/pets HTTP/1.1" 304 - "-" "Mozilla/5.0 (Macintosh; Intel Mac OS X 10_13_6) AppleWebKit/537.36 (KHTML, like Gecko) Chrome/69.0.3497.100 Safari/537.36"
::1 - - [23/Oct/2019:23:04:17 +0000] "GET /api/v1/owners/1/pets HTTP/1.1" 304 - "-" "Mozilla/5.0 (Macintosh; Intel Mac OS X 10_13_6) AppleWebKit/537.36 (KHTML, like Gecko) Chrome/69.0.3497.100 Safari/537.36"
::1 - - [23/Oct/2019:23:04:17 +0000] "GET /api/v1/owners/1/pets HTTP/1.1" 304 - "-" "Mozilla/5.0 (Macintosh; Intel Mac OS X 10_13_6) AppleWebKit/537.36 (KHTML, like Gecko) Chrome/69.0.3497.100 Safari/537.36"
::1 - - [23/Oct/2019:23:04:59 +0000] "PUT /api/v1/owners/1/pets/1 HTTP/1.1" 200 52 "-" "PostmanRuntime/7.6.0"
::1 - - [23/Oct/2019:23:10:24 +0000] "PUT /api/v1/owners/1/pets/1 HTTP/1.1" 200 121 "-" "PostmanRuntime/7.6.0"
::1 - - [23/Oct/2019:23:10:29 +0000] "GET /api/v1/owners/1/pets HTTP/1.1" 200 85 "-" "Mozilla/5.0 (Macintosh; Intel Mac OS X 10_13_6) AppleWebKit/537.36 (KHTML, like Gecko) Chrome/69.0.3497.100 Safari/537.36"
::1 - - [23/Oct/2019:23:10:33 +0000] "GET /api/v1/owners/1/pets/1 HTTP/1.1" 200 62 "-" "Mozilla/5.0 (Macintosh; Intel Mac OS X 10_13_6) AppleWebKit/537.36 (KHTML, like Gecko) Chrome/69.0.3497.100 Safari/537.36"
::1 - - [23/Oct/2019:23:11:22 +0000] "DELETE /api/v1/owners/1/pets/1 HTTP/1.1" 200 121 "-" "PostmanRuntime/7.6.0"
::1 - - [23/Oct/2019:23:11:28 +0000] "GET /api/v1/owners/1/pets/1 HTTP/1.1" 200 - "-" "Mozilla/5.0 (Macintosh; Intel Mac OS X 10_13_6) AppleWebKit/537.36 (KHTML, like Gecko) Chrome/69.0.3497.100 Safari/537.36"
::1 - - [23/Oct/2019:23:11:33 +0000] "GET /api/v1/owners/1/pets/1 HTTP/1.1" 200 - "-" "Mozilla/5.0 (Macintosh; Intel Mac OS X 10_13_6) AppleWebKit/537.36 (KHTML, like Gecko) Chrome/69.0.3497.100 Safari/537.36"
::1 - - [23/Oct/2019:23:11:33 +0000] "GET /api/v1/owners/1/pets/1 HTTP/1.1" 200 - "-" "Mozilla/5.0 (Macintosh; Intel Mac OS X 10_13_6) AppleWebKit/537.36 (KHTML, like Gecko) Chrome/69.0.3497.100 Safari/537.36"
::1 - - [23/Oct/2019:23:11:33 +0000] "GET /api/v1/owners/1/pets/1 HTTP/1.1" 200 - "-" "Mozilla/5.0 (Macintosh; Intel Mac OS X 10_13_6) AppleWebKit/537.36 (KHTML, like Gecko) Chrome/69.0.3497.100 Safari/537.36"
::1 - - [23/Oct/2019:23:11:34 +0000] "GET /api/v1/owners/1/pets/1 HTTP/1.1" 200 - "-" "Mozilla/5.0 (Macintosh; Intel Mac OS X 10_13_6) AppleWebKit/537.36 (KHTML, like Gecko) Chrome/69.0.3497.100 Safari/537.36"
::1 - - [23/Oct/2019:23:11:34 +0000] "GET /api/v1/owners/1/pets/1 HTTP/1.1" 200 - "-" "Mozilla/5.0 (Macintosh; Intel Mac OS X 10_13_6) AppleWebKit/537.36 (KHTML, like Gecko) Chrome/69.0.3497.100 Safari/537.36"
::1 - - [23/Oct/2019:23:11:34 +0000] "GET /api/v1/owners/1/pets/1 HTTP/1.1" 200 - "-" "Mozilla/5.0 (Macintosh; Intel Mac OS X 10_13_6) AppleWebKit/537.36 (KHTML, like Gecko) Chrome/69.0.3497.100 Safari/537.36"
::1 - - [23/Oct/2019:23:11:34 +0000] "GET /api/v1/owners/1/pets/1 HTTP/1.1" 200 - "-" "Mozilla/5.0 (Macintosh; Intel Mac OS X 10_13_6) AppleWebKit/537.36 (KHTML, like Gecko) Chrome/69.0.3497.100 Safari/537.36"
::1 - - [23/Oct/2019:23:11:35 +0000] "GET /api/v1/owners/1/pets/1 HTTP/1.1" 200 - "-" "Mozilla/5.0 (Macintosh; Intel Mac OS X 10_13_6) AppleWebKit/537.36 (KHTML, like Gecko) Chrome/69.0.3497.100 Safari/537.36"
::1 - - [23/Oct/2019:23:11:35 +0000] "GET /api/v1/owners/1/pets/1 HTTP/1.1" 200 - "-" "Mozilla/5.0 (Macintosh; Intel Mac OS X 10_13_6) AppleWebKit/537.36 (KHTML, like Gecko) Chrome/69.0.3497.100 Safari/537.36"
::1 - - [23/Oct/2019:23:11:35 +0000] "GET /api/v1/owners/1/pets/1 HTTP/1.1" 200 - "-" "Mozilla/5.0 (Macintosh; Intel Mac OS X 10_13_6) AppleWebKit/537.36 (KHTML, like Gecko) Chrome/69.0.3497.100 Safari/537.36"
::1 - - [23/Oct/2019:23:11:36 +0000] "GET /api/v1/owners/1/pets/1 HTTP/1.1" 200 - "-" "Mozilla/5.0 (Macintosh; Intel Mac OS X 10_13_6) AppleWebKit/537.36 (KHTML, like Gecko) Chrome/69.0.3497.100 Safari/537.36"
::1 - - [23/Oct/2019:23:11:36 +0000] "GET /api/v1/owners/1/pets/1 HTTP/1.1" 200 - "-" "Mozilla/5.0 (Macintosh; Intel Mac OS X 10_13_6) AppleWebKit/537.36 (KHTML, like Gecko) Chrome/69.0.3497.100 Safari/537.36"
::1 - - [23/Oct/2019:23:11:36 +0000] "GET /api/v1/owners/1/pets/1 HTTP/1.1" 200 - "-" "Mozilla/5.0 (Macintosh; Intel Mac OS X 10_13_6) AppleWebKit/537.36 (KHTML, like Gecko) Chrome/69.0.3497.100 Safari/537.36"
::1 - - [23/Oct/2019:23:11:42 +0000] "GET /api/v1/owners/1/pets/1 HTTP/1.1" 200 - "-" "Mozilla/5.0 (Macintosh; Intel Mac OS X 10_13_6) AppleWebKit/537.36 (KHTML, like Gecko) Chrome/69.0.3497.100 Safari/537.36"
::1 - - [23/Oct/2019:23:11:46 +0000] "GET /api/v1/owners/1/pets HTTP/1.1" 200 23 "-" "Mozilla/5.0 (Macintosh; Intel Mac OS X 10_13_6) AppleWebKit/537.36 (KHTML, like Gecko) Chrome/69.0.3497.100 Safari/537.36"
::1 - - [23/Oct/2019:23:14:21 +0000] "GET /api/v1/owners/1/pets/1 HTTP/1.1" 200 - "-" "Mozilla/5.0 (Macintosh; Intel Mac OS X 10_13_6) AppleWebKit/537.36 (KHTML, like Gecko) Chrome/69.0.3497.100 Safari/537.36"
::1 - - [23/Oct/2019:23:15:36 +0000] "GET /api/v1/owners/1/pets/1 HTTP/1.1" - - "-" "Mozilla/5.0 (Macintosh; Intel Mac OS X 10_13_6) AppleWebKit/537.36 (KHTML, like Gecko) Chrome/69.0.3497.100 Safari/537.36"
::1 - - [23/Oct/2019:23:15:37 +0000] "GET /api/v1/owners/1/pets/1 HTTP/1.1" - - "-" "Mozilla/5.0 (Macintosh; Intel Mac OS X 10_13_6) AppleWebKit/537.36 (KHTML, like Gecko) Chrome/69.0.3497.100 Safari/537.36"
::1 - - [23/Oct/2019:23:19:07 +0000] "GET /api/v1/owners/1/pets/1 HTTP/1.1" 200 2 "-" "Mozilla/5.0 (Macintosh; Intel Mac OS X 10_13_6) AppleWebKit/537.36 (KHTML, like Gecko) Chrome/69.0.3497.100 Safari/537.36"
::1 - - [23/Oct/2019:23:19:58 +0000] "GET /api/v1/owners/1/pets/1 HTTP/1.1" 200 49 "-" "Mozilla/5.0 (Macintosh; Intel Mac OS X 10_13_6) AppleWebKit/537.36 (KHTML, like Gecko) Chrome/69.0.3497.100 Safari/537.36"
::1 - - [23/Oct/2019:23:20:38 +0000] "GET /api/v1/owners/1/pets/1 HTTP/1.1" 304 - "-" "Mozilla/5.0 (Macintosh; Intel Mac OS X 10_13_6) AppleWebKit/537.36 (KHTML, like Gecko) Chrome/69.0.3497.100 Safari/537.36"
::1 - - [23/Oct/2019:23:21:49 +0000] "GET /api/v1/owners/1/pets/1 HTTP/1.1" 304 - "-" "Mozilla/5.0 (Macintosh; Intel Mac OS X 10_13_6) AppleWebKit/537.36 (KHTML, like Gecko) Chrome/69.0.3497.100 Safari/537.36"
::1 - - [23/Oct/2019:23:23:15 +0000] "GET /api/v1/owners/1/pets/1 HTTP/1.1" 404 25 "-" "Mozilla/5.0 (Macintosh; Intel Mac OS X 10_13_6) AppleWebKit/537.36 (KHTML, like Gecko) Chrome/69.0.3497.100 Safari/537.36"
::1 - - [23/Oct/2019:23:23:20 +0000] "GET /api/v1/owners/1/pets/1 HTTP/1.1" 404 25 "-" "Mozilla/5.0 (Macintosh; Intel Mac OS X 10_13_6) AppleWebKit/537.36 (KHTML, like Gecko) Chrome/69.0.3497.100 Safari/537.36"
::1 - - [23/Oct/2019:23:23:25 +0000] "GET /api/v1/owners/1/pets/1 HTTP/1.1" 404 25 "-" "Mozilla/5.0 (Macintosh; Intel Mac OS X 10_13_6) AppleWebKit/537.36 (KHTML, like Gecko) Chrome/69.0.3497.100 Safari/537.36"
::1 - - [23/Oct/2019:23:23:30 +0000] "GET /api/v1/owners/1/pets/1 HTTP/1.1" 404 25 "-" "Mozilla/5.0 (Macintosh; Intel Mac OS X 10_13_6) AppleWebKit/537.36 (KHTML, like Gecko) Chrome/69.0.3497.100 Safari/537.36"
::1 - - [23/Oct/2019:23:23:56 +0000] "GET /api/v1/owners/1/pets/1 HTTP/1.1" 200 49 "-" "Mozilla/5.0 (Macintosh; Intel Mac OS X 10_13_6) AppleWebKit/537.36 (KHTML, like Gecko) Chrome/69.0.3497.100 Safari/537.36"
::1 - - [23/Oct/2019:23:25:36 +0000] "GET /api/v1/owners/1/pets/1 HTTP/1.1" 404 34 "-" "Mozilla/5.0 (Macintosh; Intel Mac OS X 10_13_6) AppleWebKit/537.36 (KHTML, like Gecko) Chrome/69.0.3497.100 Safari/537.36"
::1 - - [23/Oct/2019:23:25:50 +0000] "GET /api/v1/owners/1/pets HTTP/1.1" 304 - "-" "Mozilla/5.0 (Macintosh; Intel Mac OS X 10_13_6) AppleWebKit/537.36 (KHTML, like Gecko) Chrome/69.0.3497.100 Safari/537.36"
::1 - - [23/Oct/2019:23:26:04 +0000] "GET /api/v1/owners HTTP/1.1" 200 104 "-" "Mozilla/5.0 (Macintosh; Intel Mac OS X 10_13_6) AppleWebKit/537.36 (KHTML, like Gecko) Chrome/69.0.3497.100 Safari/537.36"
::1 - - [23/Oct/2019:23:26:13 +0000] "DELETE /api/v1/owners/1 HTTP/1.1" 200 165 "-" "PostmanRuntime/7.6.0"
::1 - - [23/Oct/2019:23:26:21 +0000] "POST /api/v1/owners HTTP/1.1" 201 166 "-" "PostmanRuntime/7.6.0"
::1 - - [23/Oct/2019:23:26:26 +0000] "GET /api/v1/owners HTTP/1.1" 304 - "-" "Mozilla/5.0 (Macintosh; Intel Mac OS X 10_13_6) AppleWebKit/537.36 (KHTML, like Gecko) Chrome/69.0.3497.100 Safari/537.36"
::1 - - [23/Oct/2019:23:26:37 +0000] "PUT /api/v1/owners/1 HTTP/1.1" 200 172 "-" "PostmanRuntime/7.6.0"
::1 - - [23/Oct/2019:23:26:43 +0000] "GET /api/v1/owners HTTP/1.1" 200 111 "-" "Mozilla/5.0 (Macintosh; Intel Mac OS X 10_13_6) AppleWebKit/537.36 (KHTML, like Gecko) Chrome/69.0.3497.100 Safari/537.36"
::1 - - [23/Oct/2019:23:26:55 +0000] "POST /api/v1/owners/1/pets HTTP/1.1" 201 122 "-" "PostmanRuntime/7.6.0"
::1 - - [23/Oct/2019:23:27:04 +0000] "GET /api/v1/owners/1/pets HTTP/1.1" 200 85 "-" "Mozilla/5.0 (Macintosh; Intel Mac OS X 10_13_6) AppleWebKit/537.36 (KHTML, like Gecko) Chrome/69.0.3497.100 Safari/537.36"
::1 - - [23/Oct/2019:23:27:16 +0000] "PUT /api/v1/owners/1/pets/1 HTTP/1.1" 200 129 "-" "PostmanRuntime/7.6.0"
::1 - - [23/Oct/2019:23:27:21 +0000] "GET /api/v1/owners/1/pets HTTP/1.1" 200 93 "-" "Mozilla/5.0 (Macintosh; Intel Mac OS X 10_13_6) AppleWebKit/537.36 (KHTML, like Gecko) Chrome/69.0.3497.100 Safari/537.36"
::1 - - [23/Oct/2019:23:27:24 +0000] "GET /api/v1/owners/1/pets/1 HTTP/1.1" 200 70 "-" "Mozilla/5.0 (Macintosh; Intel Mac OS X 10_13_6) AppleWebKit/537.36 (KHTML, like Gecko) Chrome/69.0.3497.100 Safari/537.36"
::1 - - [23/Oct/2019:23:27:31 +0000] "DELETE /api/v1/owners/1/pets/1 HTTP/1.1" 200 129 "-" "PostmanRuntime/7.6.0"
::1 - - [23/Oct/2019:23:27:36 +0000] "GET /api/v1/owners/1/pets/1 HTTP/1.1" 404 34 "-" "Mozilla/5.0 (Macintosh; Intel Mac OS X 10_13_6) AppleWebKit/537.36 (KHTML, like Gecko) Chrome/69.0.3497.100 Safari/537.36"
::1 - - [23/Oct/2019:23:27:40 +0000] "GET /api/v1/owners/1/pets HTTP/1.1" 200 23 "-" "Mozilla/5.0 (Macintosh; Intel Mac OS X 10_13_6) AppleWebKit/537.36 (KHTML, like Gecko) Chrome/69.0.3497.100 Safari/537.36"
::1 - - [23/Oct/2019:23:27:50 +0000] "DELETE /api/v1/owners/1 HTTP/1.1" 200 172 "-" "PostmanRuntime/7.6.0"
::1 - - [23/Oct/2019:23:27:55 +0000] "GET /api/v1/owners HTTP/1.1" 200 2 "-" "Mozilla/5.0 (Macintosh; Intel Mac OS X 10_13_6) AppleWebKit/537.36 (KHTML, like Gecko) Chrome/69.0.3497.100 Safari/537.36"
::1 - - [23/Oct/2019:23:46:03 +0000] "POST /api/v1/owners HTTP/1.1" 201 165 "-" "PostmanRuntime/7.6.0"
::1 - - [23/Oct/2019:23:46:54 +0000] "POST /api/v1/owners HTTP/1.1" 201 165 "-" "PostmanRuntime/7.6.0"
::1 - - [23/Oct/2019:23:47:42 +0000] "POST /api/v1/owners HTTP/1.1" 201 165 "-" "PostmanRuntime/7.6.0"
::1 - - [23/Oct/2019:23:51:00 +0000] "POST /api/v1/owners HTTP/1.1" 500 94 "-" "PostmanRuntime/7.6.0"
::1 - - [23/Oct/2019:23:52:04 +0000] "POST /api/v1/owners HTTP/1.1" 201 165 "-" "PostmanRuntime/7.6.0"
::1 - - [23/Oct/2019:23:52:17 +0000] "POST /api/v1/owners HTTP/1.1" 201 145 "-" "PostmanRuntime/7.6.0"
::1 - - [23/Oct/2019:23:52:26 +0000] "POST /api/v1/owners HTTP/1.1" 500 87 "-" "PostmanRuntime/7.6.0"
::1 - - [23/Oct/2019:23:55:43 +0000] "POST /api/v1/owners HTTP/1.1" 500 163 "-" "PostmanRuntime/7.6.0"
::1 - - [23/Oct/2019:23:56:00 +0000] "POST /api/v1/owners HTTP/1.1" 500 164 "-" "PostmanRuntime/7.6.0"
::1 - - [23/Oct/2019:23:56:06 +0000] "POST /api/v1/owners HTTP/1.1" 500 165 "-" "PostmanRuntime/7.6.0"
::1 - - [23/Oct/2019:23:56:13 +0000] "POST /api/v1/owners HTTP/1.1" 500 87 "-" "PostmanRuntime/7.6.0"
::1 - - [23/Oct/2019:23:57:31 +0000] "POST /api/v1/owners HTTP/1.1" 500 156 "-" "PostmanRuntime/7.6.0"
::1 - - [24/Oct/2019:00:06:44 +0000] "GET /api/v1/owners HTTP/1.1" 200 1062 "-" "Mozilla/5.0 (Macintosh; Intel Mac OS X 10_13_6) AppleWebKit/537.36 (KHTML, like Gecko) Chrome/69.0.3497.100 Safari/537.36"
::1 - - [24/Oct/2019:00:06:59 +0000] "POST /api/v1/owners/1/pets HTTP/1.1" 500 231 "-" "PostmanRuntime/7.6.0"
::1 - - [24/Oct/2019:00:08:49 +0000] "POST /api/v1/owners/1/pets HTTP/1.1" 500 267 "-" "PostmanRuntime/7.6.0"
::1 - - [24/Oct/2019:00:09:27 +0000] "POST /api/v1/owners/1/pets HTTP/1.1" 500 201 "-" "PostmanRuntime/7.6.0"
::1 - - [24/Oct/2019:00:09:35 +0000] "POST /api/v1/owners/1/pets HTTP/1.1" 500 201 "-" "PostmanRuntime/7.6.0"
::1 - - [24/Oct/2019:00:09:54 +0000] "POST /api/v1/owners/1/pets HTTP/1.1" 500 83 "-" "PostmanRuntime/7.6.0"
::1 - - [24/Oct/2019:00:10:00 +0000] "POST /api/v1/owners/1/pets HTTP/1.1" 500 93 "-" "PostmanRuntime/7.6.0"
::1 - - [24/Oct/2019:00:10:06 +0000] "POST /api/v1/owners/1/pets HTTP/1.1" 201 121 "-" "PostmanRuntime/7.6.0"
::1 - - [24/Oct/2019:00:11:14 +0000] "GET /api/v1/owners/1/pets HTTP/1.1" 500 1609 "-" "Mozilla/5.0 (Macintosh; Intel Mac OS X 10_13_6) AppleWebKit/537.36 (KHTML, like Gecko) Chrome/69.0.3497.100 Safari/537.36"
::1 - - [24/Oct/2019:00:12:19 +0000] "GET /api/v1/owners/1/pets HTTP/1.1" 200 449 "-" "Mozilla/5.0 (Macintosh; Intel Mac OS X 10_13_6) AppleWebKit/537.36 (KHTML, like Gecko) Chrome/69.0.3497.100 Safari/537.36"
::1 - - [24/Oct/2019:00:12:26 +0000] "GET /api/v1/owners/6543/pets HTTP/1.1" 500 34 "-" "Mozilla/5.0 (Macintosh; Intel Mac OS X 10_13_6) AppleWebKit/537.36 (KHTML, like Gecko) Chrome/69.0.3497.100 Safari/537.36"
::1 - - [24/Oct/2019:00:13:14 +0000] "GET /api/v1/owners/6543/pets HTTP/1.1" 500 34 "-" "Mozilla/5.0 (Macintosh; Intel Mac OS X 10_13_6) AppleWebKit/537.36 (KHTML, like Gecko) Chrome/69.0.3497.100 Safari/537.36"
::1 - - [24/Oct/2019:00:13:46 +0000] "GET /api/v1/owners/6543/pets HTTP/1.1" 500 29 "-" "Mozilla/5.0 (Macintosh; Intel Mac OS X 10_13_6) AppleWebKit/537.36 (KHTML, like Gecko) Chrome/69.0.3497.100 Safari/537.36"
::1 - - [24/Oct/2019:00:15:32 +0000] "GET /api/v1/owners/6543/pets HTTP/1.1" 500 29 "-" "Mozilla/5.0 (Macintosh; Intel Mac OS X 10_13_6) AppleWebKit/537.36 (KHTML, like Gecko) Chrome/69.0.3497.100 Safari/537.36"
::1 - - [24/Oct/2019:00:16:42 +0000] "GET /api/v1/owners/6543/pets HTTP/1.1" 500 29 "-" "Mozilla/5.0 (Macintosh; Intel Mac OS X 10_13_6) AppleWebKit/537.36 (KHTML, like Gecko) Chrome/69.0.3497.100 Safari/537.36"
::1 - - [24/Oct/2019:00:18:40 +0000] "GET /api/v1/owners/6543/pets HTTP/1.1" 200 - "-" "Mozilla/5.0 (Macintosh; Intel Mac OS X 10_13_6) AppleWebKit/537.36 (KHTML, like Gecko) Chrome/69.0.3497.100 Safari/537.36"
::1 - - [24/Oct/2019:00:18:44 +0000] "GET /api/v1/owners/6543/pets HTTP/1.1" 200 - "-" "Mozilla/5.0 (Macintosh; Intel Mac OS X 10_13_6) AppleWebKit/537.36 (KHTML, like Gecko) Chrome/69.0.3497.100 Safari/537.36"
::1 - - [24/Oct/2019:00:20:45 +0000] "GET /api/v1/owners/6543/pets HTTP/1.1" 404 41 "-" "Mozilla/5.0 (Macintosh; Intel Mac OS X 10_13_6) AppleWebKit/537.36 (KHTML, like Gecko) Chrome/69.0.3497.100 Safari/537.36"
::1 - - [24/Oct/2019:00:21:16 +0000] "GET /api/v1/owners/6543/pets HTTP/1.1" 404 41 "-" "Mozilla/5.0 (Macintosh; Intel Mac OS X 10_13_6) AppleWebKit/537.36 (KHTML, like Gecko) Chrome/69.0.3497.100 Safari/537.36"
::1 - - [24/Oct/2019:00:21:26 +0000] "GET /api/v1/owners/6543 HTTP/1.1" 404 39 "-" "Mozilla/5.0 (Macintosh; Intel Mac OS X 10_13_6) AppleWebKit/537.36 (KHTML, like Gecko) Chrome/69.0.3497.100 Safari/537.36"
::1 - - [24/Oct/2019:00:22:50 +0000] "GET /api/v1/owners/6543 HTTP/1.1" 404 39 "-" "Mozilla/5.0 (Macintosh; Intel Mac OS X 10_13_6) AppleWebKit/537.36 (KHTML, like Gecko) Chrome/69.0.3497.100 Safari/537.36"
::1 - - [24/Oct/2019:09:20:47 +0000] "GET /api/v1/owners/1 HTTP/1.1" - - "-" "Mozilla/5.0 (Macintosh; Intel Mac OS X 10_13_6) AppleWebKit/537.36 (KHTML, like Gecko) Chrome/69.0.3497.100 Safari/537.36"
::1 - - [24/Oct/2019:09:20:59 +0000] "GET /api/v1/owners/1 HTTP/1.1" - - "-" "Mozilla/5.0 (Macintosh; Intel Mac OS X 10_13_6) AppleWebKit/537.36 (KHTML, like Gecko) Chrome/69.0.3497.100 Safari/537.36"
::1 - - [24/Oct/2019:09:20:59 +0000] "GET /api/v1/owners HTTP/1.1" 200 2 "-" "Mozilla/5.0 (Macintosh; Intel Mac OS X 10_13_6) AppleWebKit/537.36 (KHTML, like Gecko) Chrome/69.0.3497.100 Safari/537.36"
::1 - - [24/Oct/2019:09:23:03 +0000] "GET /api/v1/owners/1 HTTP/1.1" - - "-" "Mozilla/5.0 (Macintosh; Intel Mac OS X 10_13_6) AppleWebKit/537.36 (KHTML, like Gecko) Chrome/69.0.3497.100 Safari/537.36"
::1 - - [24/Oct/2019:09:25:03 +0000] "GET /api/v1/owners/1 HTTP/1.1" - - "-" "Mozilla/5.0 (Macintosh; Intel Mac OS X 10_13_6) AppleWebKit/537.36 (KHTML, like Gecko) Chrome/69.0.3497.100 Safari/537.36"
::1 - - [24/Oct/2019:09:27:35 +0000] "GET /api/v1/owners/1 HTTP/1.1" 500 32 "-" "Mozilla/5.0 (Macintosh; Intel Mac OS X 10_13_6) AppleWebKit/537.36 (KHTML, like Gecko) Chrome/69.0.3497.100 Safari/537.36"
::1 - - [24/Oct/2019:09:28:54 +0000] "GET /api/v1/owners/1 HTTP/1.1" - - "-" "Mozilla/5.0 (Macintosh; Intel Mac OS X 10_13_6) AppleWebKit/537.36 (KHTML, like Gecko) Chrome/69.0.3497.100 Safari/537.36"
::1 - - [24/Oct/2019:09:29:14 +0000] "GET /api/v1/owners/1 HTTP/1.1" 200 - "-" "Mozilla/5.0 (Macintosh; Intel Mac OS X 10_13_6) AppleWebKit/537.36 (KHTML, like Gecko) Chrome/69.0.3497.100 Safari/537.36"
::1 - - [24/Oct/2019:09:29:15 +0000] "GET /api/v1/owners/1 HTTP/1.1" 200 - "-" "Mozilla/5.0 (Macintosh; Intel Mac OS X 10_13_6) AppleWebKit/537.36 (KHTML, like Gecko) Chrome/69.0.3497.100 Safari/537.36"
::1 - - [24/Oct/2019:09:29:18 +0000] "GET /api/v1/owners/1 HTTP/1.1" 200 - "-" "Mozilla/5.0 (Macintosh; Intel Mac OS X 10_13_6) AppleWebKit/537.36 (KHTML, like Gecko) Chrome/69.0.3497.100 Safari/537.36"
::1 - - [24/Oct/2019:09:53:23 +0000] "GET /api/v1/owners/1 HTTP/1.1" 200 - "-" "Mozilla/5.0 (Macintosh; Intel Mac OS X 10_13_6) AppleWebKit/537.36 (KHTML, like Gecko) Chrome/69.0.3497.100 Safari/537.36"
::1 - - [24/Oct/2019:09:54:16 +0000] "GET /api/v1/owners/1 HTTP/1.1" 500 32 "-" "Mozilla/5.0 (Macintosh; Intel Mac OS X 10_13_6) AppleWebKit/537.36 (KHTML, like Gecko) Chrome/69.0.3497.100 Safari/537.36"
::1 - - [24/Oct/2019:09:54:29 +0000] "GET /api/v1/owners HTTP/1.1" 304 - "-" "Mozilla/5.0 (Macintosh; Intel Mac OS X 10_13_6) AppleWebKit/537.36 (KHTML, like Gecko) Chrome/69.0.3497.100 Safari/537.36"
::1 - - [24/Oct/2019:09:55:44 +0000] "GET /api/v1/owners/1 HTTP/1.1" 500 37 "-" "Mozilla/5.0 (Macintosh; Intel Mac OS X 10_13_6) AppleWebKit/537.36 (KHTML, like Gecko) Chrome/69.0.3497.100 Safari/537.36"
::1 - - [24/Oct/2019:09:57:12 +0000] "GET /api/v1/owners/1 HTTP/1.1" 200 2 "-" "Mozilla/5.0 (Macintosh; Intel Mac OS X 10_13_6) AppleWebKit/537.36 (KHTML, like Gecko) Chrome/69.0.3497.100 Safari/537.36"
::1 - - [24/Oct/2019:09:57:56 +0000] "GET /api/v1/owners/1 HTTP/1.1" 304 - "-" "Mozilla/5.0 (Macintosh; Intel Mac OS X 10_13_6) AppleWebKit/537.36 (KHTML, like Gecko) Chrome/69.0.3497.100 Safari/537.36"
::1 - - [24/Oct/2019:09:58:23 +0000] "GET /api/v1/owners/1 HTTP/1.1" 200 2 "-" "Mozilla/5.0 (Macintosh; Intel Mac OS X 10_13_6) AppleWebKit/537.36 (KHTML, like Gecko) Chrome/69.0.3497.100 Safari/537.36"
::1 - - [24/Oct/2019:09:58:23 +0000] "GET /api/v1/owners/1 HTTP/1.1" 304 - "-" "Mozilla/5.0 (Macintosh; Intel Mac OS X 10_13_6) AppleWebKit/537.36 (KHTML, like Gecko) Chrome/69.0.3497.100 Safari/537.36"
::1 - - [24/Oct/2019:10:39:05 +0000] "GET /api/v1/owners/1 HTTP/1.1" 200 4 "-" "Mozilla/5.0 (Macintosh; Intel Mac OS X 10_13_6) AppleWebKit/537.36 (KHTML, like Gecko) Chrome/69.0.3497.100 Safari/537.36"
::1 - - [24/Oct/2019:10:39:54 +0000] "GET /api/v1/owners/1 HTTP/1.1" 200 2 "-" "Mozilla/5.0 (Macintosh; Intel Mac OS X 10_13_6) AppleWebKit/537.36 (KHTML, like Gecko) Chrome/69.0.3497.100 Safari/537.36"
::1 - - [24/Oct/2019:14:43:29 +0000] "POST /api/v1/owners HTTP/1.1" 201 156 "-" "PostmanRuntime/7.6.0"
::1 - - [24/Oct/2019:14:43:41 +0000] "POST /api/v1/owners HTTP/1.1" 201 162 "-" "PostmanRuntime/7.6.0"
::1 - - [24/Oct/2019:14:43:51 +0000] "POST /api/v1/owners/1 HTTP/1.1" 404 155 "-" "PostmanRuntime/7.6.0"
::1 - - [24/Oct/2019:14:44:20 +0000] "PUT /api/v1/owners/1 HTTP/1.1" 200 162 "-" "PostmanRuntime/7.6.0"
::1 - - [24/Oct/2019:14:47:11 +0000] "GET /api/v1/owners HTTP/1.1" 200 200 "-" "Mozilla/5.0 (Macintosh; Intel Mac OS X 10_13_6) AppleWebKit/537.36 (KHTML, like Gecko) Chrome/69.0.3497.100 Safari/537.36"
::1 - - [24/Oct/2019:14:47:15 +0000] "GET /api/v1/owners/1 HTTP/1.1" 200 - "-" "Mozilla/5.0 (Macintosh; Intel Mac OS X 10_13_6) AppleWebKit/537.36 (KHTML, like Gecko) Chrome/69.0.3497.100 Safari/537.36"
::1 - - [24/Oct/2019:14:47:27 +0000] "GET /api/v1/owners HTTP/1.1" 304 - "-" "Mozilla/5.0 (Macintosh; Intel Mac OS X 10_13_6) AppleWebKit/537.36 (KHTML, like Gecko) Chrome/69.0.3497.100 Safari/537.36"
::1 - - [24/Oct/2019:14:47:31 +0000] "GET /api/v1/owners/1 HTTP/1.1" 200 - "-" "Mozilla/5.0 (Macintosh; Intel Mac OS X 10_13_6) AppleWebKit/537.36 (KHTML, like Gecko) Chrome/69.0.3497.100 Safari/537.36"
::1 - - [24/Oct/2019:14:48:58 +0000] "GET /api/v1/owners/1 HTTP/1.1" 200 - "-" "Mozilla/5.0 (Macintosh; Intel Mac OS X 10_13_6) AppleWebKit/537.36 (KHTML, like Gecko) Chrome/69.0.3497.100 Safari/537.36"
::1 - - [24/Oct/2019:14:49:30 +0000] "GET /api/v1/owners/1 HTTP/1.1" 200 - "-" "Mozilla/5.0 (Macintosh; Intel Mac OS X 10_13_6) AppleWebKit/537.36 (KHTML, like Gecko) Chrome/69.0.3497.100 Safari/537.36"
::1 - - [24/Oct/2019:14:50:10 +0000] "GET /api/v1/owners/1 HTTP/1.1" 200 99 "-" "Mozilla/5.0 (Macintosh; Intel Mac OS X 10_13_6) AppleWebKit/537.36 (KHTML, like Gecko) Chrome/69.0.3497.100 Safari/537.36"
::1 - - [24/Oct/2019:14:50:52 +0000] "PUT /api/v1/owners/1 HTTP/1.1" 200 166 "-" "PostmanRuntime/7.6.0"
::1 - - [24/Oct/2019:14:51:04 +0000] "GET /api/v1/owners/1 HTTP/1.1" 200 103 "-" "Mozilla/5.0 (Macintosh; Intel Mac OS X 10_13_6) AppleWebKit/537.36 (KHTML, like Gecko) Chrome/69.0.3497.100 Safari/537.36"
::1 - - [24/Oct/2019:15:00:22 +0000] "DELETE /api/v1/owners/1 HTTP/1.1" 200 166 "-" "PostmanRuntime/7.6.0"
::1 - - [24/Oct/2019:15:00:28 +0000] "GET /api/v1/owners HTTP/1.1" 200 100 "-" "Mozilla/5.0 (Macintosh; Intel Mac OS X 10_13_6) AppleWebKit/537.36 (KHTML, like Gecko) Chrome/69.0.3497.100 Safari/537.36"
::1 - - [24/Oct/2019:15:00:43 +0000] "PUT /api/v1/owners/2 HTTP/1.1" 200 181 "-" "PostmanRuntime/7.6.0"
::1 - - [24/Oct/2019:15:00:49 +0000] "GET /api/v1/owners HTTP/1.1" 200 120 "-" "Mozilla/5.0 (Macintosh; Intel Mac OS X 10_13_6) AppleWebKit/537.36 (KHTML, like Gecko) Chrome/69.0.3497.100 Safari/537.36"
::1 - - [24/Oct/2019:15:01:00 +0000] "POST /api/v1/owners HTTP/1.1" 201 182 "-" "PostmanRuntime/7.6.0"
::1 - - [24/Oct/2019:15:01:06 +0000] "GET /api/v1/owners HTTP/1.1" 200 239 "-" "Mozilla/5.0 (Macintosh; Intel Mac OS X 10_13_6) AppleWebKit/537.36 (KHTML, like Gecko) Chrome/69.0.3497.100 Safari/537.36"
::1 - - [24/Oct/2019:15:04:44 +0000] "GET /api/v1/owners/2 HTTP/1.1" 200 118 "-" "Mozilla/5.0 (Macintosh; Intel Mac OS X 10_13_6) AppleWebKit/537.36 (KHTML, like Gecko) Chrome/69.0.3497.100 Safari/537.36"
::1 - - [24/Oct/2019:15:16:12 +0000] "GET /api/v1/owners/2/pets HTTP/1.1" 500 32 "-" "Mozilla/5.0 (Macintosh; Intel Mac OS X 10_13_6) AppleWebKit/537.36 (KHTML, like Gecko) Chrome/69.0.3497.100 Safari/537.36"
::1 - - [24/Oct/2019:15:17:57 +0000] "GET /api/v1/owners/2/pets HTTP/1.1" 500 32 "-" "Mozilla/5.0 (Macintosh; Intel Mac OS X 10_13_6) AppleWebKit/537.36 (KHTML, like Gecko) Chrome/69.0.3497.100 Safari/537.36"
::1 - - [24/Oct/2019:15:18:36 +0000] "GET /api/v1/owners/2/pets HTTP/1.1" 200 42 "-" "Mozilla/5.0 (Macintosh; Intel Mac OS X 10_13_6) AppleWebKit/537.36 (KHTML, like Gecko) Chrome/69.0.3497.100 Safari/537.36"
::1 - - [24/Oct/2019:15:18:52 +0000] "POST /api/v1/owners/2/pets HTTP/1.1" 201 121 "-" "PostmanRuntime/7.6.0"
::1 - - [24/Oct/2019:15:18:57 +0000] "GET /api/v1/owners/2/pets HTTP/1.1" 304 - "-" "Mozilla/5.0 (Macintosh; Intel Mac OS X 10_13_6) AppleWebKit/537.36 (KHTML, like Gecko) Chrome/69.0.3497.100 Safari/537.36"
::1 - - [24/Oct/2019:15:19:39 +0000] "GET /api/v1/owners/2/pets HTTP/1.1" 200 84 "-" "Mozilla/5.0 (Macintosh; Intel Mac OS X 10_13_6) AppleWebKit/537.36 (KHTML, like Gecko) Chrome/69.0.3497.100 Safari/537.36"
::1 - - [24/Oct/2019:15:20:38 +0000] "GET /api/v1/owners/2/pets/1 HTTP/1.1" 200 61 "-" "Mozilla/5.0 (Macintosh; Intel Mac OS X 10_13_6) AppleWebKit/537.36 (KHTML, like Gecko) Chrome/69.0.3497.100 Safari/537.36"
::1 - - [24/Oct/2019:15:23:34 +0000] "PUT /api/v1/owners/2/pets/1 HTTP/1.1" 200 128 "-" "PostmanRuntime/7.6.0"
::1 - - [24/Oct/2019:15:23:40 +0000] "GET /api/v1/owners/2/pets/1 HTTP/1.1" 200 69 "-" "Mozilla/5.0 (Macintosh; Intel Mac OS X 10_13_6) AppleWebKit/537.36 (KHTML, like Gecko) Chrome/69.0.3497.100 Safari/537.36"
::1 - - [24/Oct/2019:15:23:50 +0000] "PUT /api/v1/owners/2/pets/56 HTTP/1.1" 200 52 "-" "PostmanRuntime/7.6.0"
::1 - - [24/Oct/2019:15:24:05 +0000] "PUT /api/v1/owners/2/pets/56 HTTP/1.1" 200 52 "-" "PostmanRuntime/7.6.0"
::1 - - [24/Oct/2019:16:40:01 +0000] "PUT /api/v1/owners/2/pets/56 HTTP/1.1" 200 52 "-" "PostmanRuntime/7.6.0"
::1 - - [24/Oct/2019:16:40:31 +0000] "PUT /api/v1/owners/2/pets/56 HTTP/1.1" 200 52 "-" "PostmanRuntime/7.6.0"
::1 - - [24/Oct/2019:16:41:14 +0000] "PUT /api/v1/owners/2/pets/56 HTTP/1.1" undefined 37 "-" "PostmanRuntime/7.6.0"
::1 - - [24/Oct/2019:16:42:14 +0000] "PUT /api/v1/owners/2/pets/56 HTTP/1.1" undefined 37 "-" "PostmanRuntime/7.6.0"
::1 - - [24/Oct/2019:16:44:43 +0000] "PUT /api/v1/owners/2/pets/56 HTTP/1.1" 404 37 "-" "PostmanRuntime/7.6.0"
::1 - - [24/Oct/2019:16:46:37 +0000] "PUT /api/v1/owners/2/pets/56 HTTP/1.1" 404 - "-" "PostmanRuntime/7.6.0"
::1 - - [24/Oct/2019:16:47:19 +0000] "PUT /api/v1/owners/2/pets/56 HTTP/1.1" 404 - "-" "PostmanRuntime/7.6.0"
::1 - - [24/Oct/2019:16:52:09 +0000] "PUT /api/v1/owners/2/pets/56 HTTP/1.1" 500 25 "-" "PostmanRuntime/7.6.0"
::1 - - [24/Oct/2019:16:52:44 +0000] "PUT /api/v1/owners/2/pets/56 HTTP/1.1" 500 25 "-" "PostmanRuntime/7.6.0"
::1 - - [24/Oct/2019:16:53:15 +0000] "PUT /api/v1/owners/2/pets/56 HTTP/1.1" 500 25 "-" "PostmanRuntime/7.6.0"
::1 - - [24/Oct/2019:16:55:27 +0000] "PUT /api/v1/owners/2/pets/56 HTTP/1.1" 500 25 "-" "PostmanRuntime/7.6.0"
::1 - - [24/Oct/2019:16:57:51 +0000] "PUT /api/v1/owners/2/pets/56 HTTP/1.1" 500 25 "-" "PostmanRuntime/7.6.0"
::1 - - [24/Oct/2019:16:59:27 +0000] "PUT /api/v1/owners/2/pets HTTP/1.1" 404 159 "-" "PostmanRuntime/7.6.0"
::1 - - [24/Oct/2019:16:59:39 +0000] "POST /api/v1/owners/1234 HTTP/1.1" 404 158 "-" "PostmanRuntime/7.6.0"
::1 - - [24/Oct/2019:16:59:49 +0000] "GET /api/v1/owners/23455667 HTTP/1.1" 200 29 "-" "Mozilla/5.0 (Macintosh; Intel Mac OS X 10_13_6) AppleWebKit/537.36 (KHTML, like Gecko) Chrome/69.0.3497.100 Safari/537.36"
::1 - - [24/Oct/2019:17:00:07 +0000] "PUT /api/v1/owners/2 HTTP/1.1" 200 174 "-" "PostmanRuntime/7.6.0"
::1 - - [24/Oct/2019:17:00:16 +0000] "PUT /api/v1/owners/26543 HTTP/1.1" 200 29 "-" "PostmanRuntime/7.6.0"
::1 - - [24/Oct/2019:17:00:19 +0000] "PUT /api/v1/owners/26543 HTTP/1.1" 200 29 "-" "PostmanRuntime/7.6.0"
::1 - - [24/Oct/2019:17:00:35 +0000] "DELETE /api/v1/owners/2/pets/1 HTTP/1.1" 200 128 "-" "PostmanRuntime/7.6.0"
::1 - - [24/Oct/2019:17:02:03 +0000] "DELETE /api/v1/owners/2 HTTP/1.1" 200 29 "-" "PostmanRuntime/7.6.0"
::1 - - [24/Oct/2019:17:02:08 +0000] "DELETE /api/v1/owners/2 HTTP/1.1" 200 29 "-" "PostmanRuntime/7.6.0"
::1 - - [24/Oct/2019:17:02:12 +0000] "GET /api/v1/owners/2 HTTP/1.1" 200 29 "-" "Mozilla/5.0 (Macintosh; Intel Mac OS X 10_13_6) AppleWebKit/537.36 (KHTML, like Gecko) Chrome/69.0.3497.100 Safari/537.36"
::1 - - [24/Oct/2019:17:02:15 +0000] "GET /api/v1/owners HTTP/1.1" 200 120 "-" "Mozilla/5.0 (Macintosh; Intel Mac OS X 10_13_6) AppleWebKit/537.36 (KHTML, like Gecko) Chrome/69.0.3497.100 Safari/537.36"
::1 - - [24/Oct/2019:17:02:21 +0000] "DELETE /api/v1/owners/3 HTTP/1.1" 200 181 "-" "PostmanRuntime/7.6.0"
::1 - - [25/Oct/2019:00:12:11 +0000] "GET /api/v1/all HTTP/1.1" 200 638 "-" "Mozilla/5.0 (Macintosh; Intel Mac OS X 10_13_6) AppleWebKit/537.36 (KHTML, like Gecko) Chrome/69.0.3497.100 Safari/537.36"
::1 - - [25/Oct/2019:10:11:06 +0000] "POST /api/v1/owners HTTP/1.1" 201 167 "-" "PostmanRuntime/7.6.0"
::1 - - [25/Oct/2019:10:11:23 +0000] "PUT /api/v1/owners/1 HTTP/1.1" 200 174 "-" "PostmanRuntime/7.6.0"
::1 - - [25/Oct/2019:10:11:41 +0000] "POST /api/v1/owners/1/pets HTTP/1.1" 201 121 "-" "PostmanRuntime/7.6.0"
::1 - - [25/Oct/2019:10:11:52 +0000] "PUT /api/v1/owners/1/pets/1 HTTP/1.1" 200 128 "-" "PostmanRuntime/7.6.0"
::1 - - [25/Oct/2019:10:12:01 +0000] "PUT /api/v1/owners/1/pets/23 HTTP/1.1" 500 36 "-" "PostmanRuntime/7.6.0"
::1 - - [25/Oct/2019:10:13:25 +0000] "PUT /api/v1/owners/76/pets/23 HTTP/1.1" 200 29 "-" "PostmanRuntime/7.6.0"
::1 - - [25/Oct/2019:10:13:33 +0000] "PUT /api/v1/owners/12345 HTTP/1.1" 200 29 "-" "PostmanRuntime/7.6.0"
::1 - - [25/Oct/2019:10:13:56 +0000] "DELETE /api/v1/owners/1/pets/12 HTTP/1.1" 200 52 "-" "PostmanRuntime/7.6.0"
::1 - - [25/Oct/2019:10:15:35 +0000] "DELETE /api/v1/owners/1/pets/12 HTTP/1.1" 200 52 "-" "PostmanRuntime/7.6.0"
::1 - - [25/Oct/2019:10:17:34 +0000] "DELETE /api/v1/owners/1/pets/1 HTTP/1.1" 200 128 "-" "PostmanRuntime/7.6.0"
::1 - - [25/Oct/2019:10:18:28 +0000] "DELETE /api/v1/owners/1/pets/1 HTTP/1.1" undefined 27 "-" "PostmanRuntime/7.6.0"
::1 - - [25/Oct/2019:10:18:36 +0000] "POST /api/v1/owners/1/pets HTTP/1.1" 201 129 "-" "PostmanRuntime/7.6.0"
::1 - - [25/Oct/2019:10:18:43 +0000] "DELETE /api/v1/owners/1/pets/123 HTTP/1.1" undefined 27 "-" "PostmanRuntime/7.6.0"
::1 - - [25/Oct/2019:10:20:04 +0000] "DELETE /api/v1/owners/1/pets/123 HTTP/1.1" undefined 38 "-" "PostmanRuntime/7.6.0"
::1 - - [25/Oct/2019:10:24:11 +0000] "DELETE /api/v1/owners/1/pets/123 HTTP/1.1" 404 38 "-" "PostmanRuntime/7.6.0"
::1 - - [25/Oct/2019:10:24:29 +0000] "DELETE /api/v1/owners/1/pets/123 HTTP/1.1" 404 38 "-" "PostmanRuntime/7.6.0"
::1 - - [25/Oct/2019:10:25:26 +0000] "DELETE /api/v1/owners/1/pets/123 HTTP/1.1" 404 38 "-" "PostmanRuntime/7.6.0"
::1 - - [25/Oct/2019:10:25:33 +0000] "DELETE /api/v1/owners/19876/pets/123 HTTP/1.1" 404 43 "-" "PostmanRuntime/7.6.0"
::1 - - [25/Oct/2019:10:25:53 +0000] "DELETE /api/v1/owners/amol/pets/123 HTTP/1.1" 404 42 "-" "PostmanRuntime/7.6.0"
::1 - - [25/Oct/2019:10:30:10 +0000] "DELETE /api/v1/owners/amol/pets/123 HTTP/1.1" 404 42 "-" "PostmanRuntime/7.6.0"
::1 - - [25/Oct/2019:10:30:45 +0000] "DELETE /api/v1/owners/amol/pets/123 HTTP/1.1" 404 42 "-" "PostmanRuntime/7.6.0"
::1 - - [25/Oct/2019:10:31:01 +0000] "DELETE /api/v1/owners/amol/pets/123 HTTP/1.1" 400 35 "-" "PostmanRuntime/7.6.0"
::1 - - [25/Oct/2019:10:31:01 +0000] "DELETE /api/v1/owners/amol/pets/123 HTTP/1.1" 400 35 "-" "PostmanRuntime/7.6.0"
::1 - - [25/Oct/2019:10:31:08 +0000] "DELETE /api/v1/owners/1/pets/aml HTTP/1.1" 404 38 "-" "PostmanRuntime/7.6.0"
::1 - - [25/Oct/2019:10:32:12 +0000] "DELETE /api/v1/owners/1/pets/aml HTTP/1.1" 404 38 "-" "PostmanRuntime/7.6.0"
::1 - - [25/Oct/2019:10:33:00 +0000] "DELETE /api/v1/owners/1/pets/aml HTTP/1.1" 404 38 "-" "PostmanRuntime/7.6.0"
::1 - - [25/Oct/2019:10:37:30 +0000] "DELETE /api/v1/owners/1/pets/aml HTTP/1.1" 400 38 "-" "PostmanRuntime/7.6.0"
::1 - - [25/Oct/2019:10:37:39 +0000] "DELETE /api/v1/owners/234dddd/pets/aml HTTP/1.1" 400 38 "-" "PostmanRuntime/7.6.0"
::1 - - [25/Oct/2019:10:37:45 +0000] "DELETE /api/v1/owners/amol/pets/aml HTTP/1.1" 400 40 "-" "PostmanRuntime/7.6.0"
::1 - - [25/Oct/2019:10:39:10 +0000] "DELETE /api/v1/owners/1/pets/1 HTTP/1.1" - - "-" "PostmanRuntime/7.6.0"
::1 - - [25/Oct/2019:10:39:15 +0000] "DELETE /api/v1/owners/1/pets/13456 HTTP/1.1" 404 40 "-" "PostmanRuntime/7.6.0"
::1 - - [25/Oct/2019:10:40:20 +0000] "DELETE /api/v1/owners/1/pets/1 HTTP/1.1" 200 61 "-" "PostmanRuntime/7.6.0"
::1 - - [25/Oct/2019:10:40:51 +0000] "DELETE /api/v1/owners/1/pets/1 HTTP/1.1" 500 36 "-" "PostmanRuntime/7.6.0"
::1 - - [25/Oct/2019:10:40:56 +0000] "POST /api/v1/owners/1/pets/1 HTTP/1.1" 404 162 "-" "PostmanRuntime/7.6.0"
::1 - - [25/Oct/2019:10:41:01 +0000] "POST /api/v1/owners/1/pets HTTP/1.1" 400 38 "-" "PostmanRuntime/7.6.0"
::1 - - [25/Oct/2019:10:41:47 +0000] "POST /api/v1/owners/1/pets HTTP/1.1" 201 129 "-" "PostmanRuntime/7.6.0"
::1 - - [25/Oct/2019:10:41:57 +0000] "DELETE /api/v1/owners/1/pets/1 HTTP/1.1" 200 128 "-" "PostmanRuntime/7.6.0"
::1 - - [25/Oct/2019:10:45:32 +0000] "DELETE /api/v1/owners/1/pets/amol HTTP/1.1" 404 40 "-" "PostmanRuntime/7.6.0"
::1 - - [25/Oct/2019:10:45:54 +0000] "DELETE /api/v1/owners/1/pets/amol HTTP/1.1" 404 40 "-" "PostmanRuntime/7.6.0"
::1 - - [25/Oct/2019:10:46:24 +0000] "DELETE /api/v1/owners/1/pets/amol HTTP/1.1" 404 38 "-" "PostmanRuntime/7.6.0"
::1 - - [25/Oct/2019:10:46:30 +0000] "DELETE /api/v1/owners/1/pets/1 HTTP/1.1" 500 36 "-" "PostmanRuntime/7.6.0"
::1 - - [25/Oct/2019:10:46:35 +0000] "DELETE /api/v1/owners/1/pets/2 HTTP/1.1" 200 128 "-" "PostmanRuntime/7.6.0"
::1 - - [25/Oct/2019:10:46:49 +0000] "GET /api/v1/all HTTP/1.1" 200 132 "-" "Mozilla/5.0 (Macintosh; Intel Mac OS X 10_13_6) AppleWebKit/537.36 (KHTML, like Gecko) Chrome/69.0.3497.100 Safari/537.36"
::1 - - [25/Oct/2019:10:46:53 +0000] "GET /api/v1/owners HTTP/1.1" 200 113 "-" "Mozilla/5.0 (Macintosh; Intel Mac OS X 10_13_6) AppleWebKit/537.36 (KHTML, like Gecko) Chrome/69.0.3497.100 Safari/537.36"
::1 - - [25/Oct/2019:10:46:56 +0000] "GET /api/v1/owners/1 HTTP/1.1" 200 111 "-" "Mozilla/5.0 (Macintosh; Intel Mac OS X 10_13_6) AppleWebKit/537.36 (KHTML, like Gecko) Chrome/69.0.3497.100 Safari/537.36"
::1 - - [25/Oct/2019:10:46:59 +0000] "GET /api/v1/owners/1/pets HTTP/1.1" 200 23 "-" "Mozilla/5.0 (Macintosh; Intel Mac OS X 10_13_6) AppleWebKit/537.36 (KHTML, like Gecko) Chrome/69.0.3497.100 Safari/537.36"
::1 - - [25/Oct/2019:10:47:04 +0000] "GET /api/v1/owners/1/pets/1 HTTP/1.1" 200 36 "-" "Mozilla/5.0 (Macintosh; Intel Mac OS X 10_13_6) AppleWebKit/537.36 (KHTML, like Gecko) Chrome/69.0.3497.100 Safari/537.36"
::1 - - [25/Oct/2019:10:47:12 +0000] "GET /api/v1/owners/345/pets/1 HTTP/1.1" 404 41 "-" "Mozilla/5.0 (Macintosh; Intel Mac OS X 10_13_6) AppleWebKit/537.36 (KHTML, like Gecko) Chrome/69.0.3497.100 Safari/537.36"
::1 - - [25/Oct/2019:10:47:25 +0000] "POST /api/v1/owners/1/pets HTTP/1.1" 201 129 "-" "PostmanRuntime/7.6.0"
::1 - - [25/Oct/2019:10:47:31 +0000] "GET /api/v1/owners/345/pets/1 HTTP/1.1" 404 41 "-" "Mozilla/5.0 (Macintosh; Intel Mac OS X 10_13_6) AppleWebKit/537.36 (KHTML, like Gecko) Chrome/69.0.3497.100 Safari/537.36"
::1 - - [25/Oct/2019:10:47:35 +0000] "GET /api/v1/owners/345/pets/1 HTTP/1.1" 404 41 "-" "Mozilla/5.0 (Macintosh; Intel Mac OS X 10_13_6) AppleWebKit/537.36 (KHTML, like Gecko) Chrome/69.0.3497.100 Safari/537.36"
::1 - - [25/Oct/2019:10:47:40 +0000] "GET /api/v1/owners/1/pets/1 HTTP/1.1" 200 69 "-" "Mozilla/5.0 (Macintosh; Intel Mac OS X 10_13_6) AppleWebKit/537.36 (KHTML, like Gecko) Chrome/69.0.3497.100 Safari/537.36"
::1 - - [25/Oct/2019:10:47:44 +0000] "GET /api/v1/owners/1/pets HTTP/1.1" 200 92 "-" "Mozilla/5.0 (Macintosh; Intel Mac OS X 10_13_6) AppleWebKit/537.36 (KHTML, like Gecko) Chrome/69.0.3497.100 Safari/537.36"
::1 - - [25/Oct/2019:10:48:22 +0000] "GET /api/v1/owners/1/pets/2 HTTP/1.1" 200 36 "-" "Mozilla/5.0 (Macintosh; Intel Mac OS X 10_13_6) AppleWebKit/537.36 (KHTML, like Gecko) Chrome/69.0.3497.100 Safari/537.36"
::1 - - [25/Oct/2019:10:49:31 +0000] "GET /api/v1/owners/1/pets/2 HTTP/1.1" 404 36 "-" "Mozilla/5.0 (Macintosh; Intel Mac OS X 10_13_6) AppleWebKit/537.36 (KHTML, like Gecko) Chrome/69.0.3497.100 Safari/537.36"
::1 - - [25/Oct/2019:10:49:40 +0000] "GET /api/v1/owners/1/pets/2 HTTP/1.1" 404 36 "-" "Mozilla/5.0 (Macintosh; Intel Mac OS X 10_13_6) AppleWebKit/537.36 (KHTML, like Gecko) Chrome/69.0.3497.100 Safari/537.36"
::1 - - [25/Oct/2019:10:49:54 +0000] "GET /api/v1/owners/1/pets/1 HTTP/1.1" - - "-" "Mozilla/5.0 (Macintosh; Intel Mac OS X 10_13_6) AppleWebKit/537.36 (KHTML, like Gecko) Chrome/69.0.3497.100 Safari/537.36"
::1 - - [25/Oct/2019:10:49:54 +0000] "GET /api/v1/owners/1/pets2 HTTP/1.1" 404 160 "-" "Mozilla/5.0 (Macintosh; Intel Mac OS X 10_13_6) AppleWebKit/537.36 (KHTML, like Gecko) Chrome/69.0.3497.100 Safari/537.36"
::1 - - [25/Oct/2019:10:50:14 +0000] "POST /api/v1/owners/1/pets HTTP/1.1" 201 129 "-" "PostmanRuntime/7.6.0"
::1 - - [25/Oct/2019:10:52:11 +0000] "GET /api/v1/owners/1/pets/1 HTTP/1.1" 200 69 "-" "Mozilla/5.0 (Macintosh; Intel Mac OS X 10_13_6) AppleWebKit/537.36 (KHTML, like Gecko) Chrome/69.0.3497.100 Safari/537.36"
::1 - - [25/Oct/2019:10:52:18 +0000] "GET /api/v1/owners/1/pets/1234 HTTP/1.1" 404 39 "-" "Mozilla/5.0 (Macintosh; Intel Mac OS X 10_13_6) AppleWebKit/537.36 (KHTML, like Gecko) Chrome/69.0.3497.100 Safari/537.36"
::1 - - [25/Oct/2019:10:54:07 +0000] "GET /api/v1/owners/1/pets HTTP/1.1" 200 162 "-" "Mozilla/5.0 (Macintosh; Intel Mac OS X 10_13_6) AppleWebKit/537.36 (KHTML, like Gecko) Chrome/69.0.3497.100 Safari/537.36"
::1 - - [25/Oct/2019:10:54:10 +0000] "GET /api/v1/owners/1/pets/amol HTTP/1.1" 404 38 "-" "Mozilla/5.0 (Macintosh; Intel Mac OS X 10_13_6) AppleWebKit/537.36 (KHTML, like Gecko) Chrome/69.0.3497.100 Safari/537.36"
::1 - - [25/Oct/2019:10:54:12 +0000] "GET /api/v1/owners/1/pets HTTP/1.1" 304 - "-" "Mozilla/5.0 (Macintosh; Intel Mac OS X 10_13_6) AppleWebKit/537.36 (KHTML, like Gecko) Chrome/69.0.3497.100 Safari/537.36"
::1 - - [25/Oct/2019:10:54:16 +0000] "GET /api/v1/owners/2/pets HTTP/1.1" 404 39 "-" "Mozilla/5.0 (Macintosh; Intel Mac OS X 10_13_6) AppleWebKit/537.36 (KHTML, like Gecko) Chrome/69.0.3497.100 Safari/537.36"
::1 - - [25/Oct/2019:10:54:21 +0000] "GET /api/v1/owners/1 HTTP/1.1" 304 - "-" "Mozilla/5.0 (Macintosh; Intel Mac OS X 10_13_6) AppleWebKit/537.36 (KHTML, like Gecko) Chrome/69.0.3497.100 Safari/537.36"
::1 - - [25/Oct/2019:10:54:26 +0000] "GET /api/v1/owners HTTP/1.1" 304 - "-" "Mozilla/5.0 (Macintosh; Intel Mac OS X 10_13_6) AppleWebKit/537.36 (KHTML, like Gecko) Chrome/69.0.3497.100 Safari/537.36"
::1 - - [25/Oct/2019:10:54:39 +0000] "DELETE /api/v1/owners/1/pets/2 HTTP/1.1" 200 128 "-" "PostmanRuntime/7.6.0"
::1 - - [25/Oct/2019:10:54:50 +0000] "PUT /api/v1/owners/1 HTTP/1.1" 200 166 "-" "PostmanRuntime/7.6.0"
::1 - - [25/Oct/2019:10:54:57 +0000] "DELETE /api/v1/owners/1 HTTP/1.1" 200 166 "-" "PostmanRuntime/7.6.0"
::1 - - [25/Oct/2019:14:08:58 +0000] "DELETE /api/v1/owners/1 HTTP/1.1" 200 172 "-" "PostmanRuntime/7.6.0"
